PANDA - Planning and Acting in a Network Decomposition Architecture
Believe us: It's great, it's fantastic!

PANDA Copyright (C) 2014-2018 Gregor Behnke, Pascal Bercher, Thomas Geier, Kadir
Dede, Daniel Höller, Kristof Mickeleit, Matthias Englert
This program comes with ABSOLUTELY NO WARRANTY
This is free software, and you are welcome to redistribute it under certain
conditions; run PANDA with -license for details.

Main Developers:
- Gregor Behnke, http://www.uni-ulm.de/in/ki/behnke
- Daniel Höller, http://www.uni-ulm.de/in/ki/hoeller

With many thanks to various further contributors.
Run PANDA with the command line argument -contributors for an extensive list.

Run it with -help for more information like available options.


PANDA was called with: "domain.hddl in/p-005-006-005-006.hddl"


Planner Configuration
=====================
Domain: domain.hddl
Problem: in/p-005-006-005-006.hddl
Output: none

Planning Configuration
======================
	printGeneralInformation : true
	printAdditionalData     : true
	random seed             : 42
	time limit (in seconds) : none

	external programs:


	Parsing Configuration
	---------------------
	Parser                : autodetect file-type
	Expand Sort Hierarchy : true
	ClosedWordAssumption  : true
	CompileSHOPMethods    : true
	Eliminate Equality    : true
	Strip Hybridity       : true
	Reduce General Tasks  : true
	
	Preprocessing Configuration
	---------------------------
	Compile negative preconditions    : true
	Compile unit methods              : false
	Compile order in methods          : false
	Compile initial plan              : true
	Ensure Methods Have Last Task     : false
	Split independent parameters      : true
	Remove unnecessary predicates     : true
	Expand choiceless abstract tasks  : true
	Domain Cleanup                    : true
	Convert to SAS+                   : false
	Grounded Reachability Analysis    : Planning Graph (mutex-free)
	Grounded Task Decomposition Graph : Two Way TDG
	Iterate reachability analysis     : true
	Ground domain                     : true
	Iterate reachability analysis     : true
	Stop directly after grounding     : false
	
	Progression-search Configuration
	--------------------------------
	Search Algorithm                 : AStarActionsType(2.0)
	Heuristic                        : hhRC(hFF)
	Abstract task selection strategy : random
	
	Post-processing Configuration
	-----------------------------
	search status
	search result
	timings
	statistics
#0 "00 global:01:problem"="p-005-006-005-006.hddl";"00 global:00:domain"="domain.hddl"
Parsing domain ... using HDDL parser ... done
Preparing internal domain representation ... done.
Initial domain
	number of abstract tasks = 7
	number of tasks = 22
	number of decomposition methods = 14
	number of predicates = 6
	number of sorts = 5
	number of tasks in largest method = 6
	number of primitive SHOP tasks = 13
	number of epsilon methods = 0
	number of primitive tasks = 15
	number of constants = 406
Compiling negative preconditions ... done.
	number of abstract tasks = 7
	number of tasks = 22
	number of decomposition methods = 14
	number of predicates = 12
	number of sorts = 5
	number of tasks in largest method = 6
	number of primitive SHOP tasks = 13
	number of epsilon methods = 0
	number of primitive tasks = 15
	number of constants = 406
Compiling split parameters ... done.
	number of abstract tasks = 7
	number of tasks = 22
	number of decomposition methods = 14
	number of predicates = 12
	number of sorts = 5
	number of tasks in largest method = 6
	number of primitive SHOP tasks = 13
	number of epsilon methods = 0
	number of primitive tasks = 15
	number of constants = 406
Lifted reachability analysis and domain cleanup ... done.
	number of abstract tasks = 7
	number of tasks = 22
	number of decomposition methods = 14
	number of predicates = 8
	number of sorts = 5
	number of tasks in largest method = 6
	number of primitive SHOP tasks = 13
	number of epsilon methods = 0
	number of primitive tasks = 15
	number of constants = 406
Grounded planning graph ... done in 506ms.
	Number of Grounded Actions 20465
	Number of Grounded Literals 2925
	number of abstract tasks = 7
	number of tasks = 22
	number of decomposition methods = 14
	number of predicates = 8
	number of sorts = 5
	number of tasks in largest method = 6
	number of primitive SHOP tasks = 13
	number of epsilon methods = 0
	number of primitive tasks = 15
	number of constants = 406
Two Way TDG ... done.
	number of abstract tasks = 7
	number of tasks = 22
	number of decomposition methods = 14
	number of predicates = 8
	number of sorts = 5
	number of tasks in largest method = 6
	number of primitive SHOP tasks = 13
	number of epsilon methods = 0
	number of primitive tasks = 15
	number of constants = 406
Grounding ... done.
	number of abstract tasks = 289
	number of tasks = 1147
	number of decomposition methods = 646
	number of predicates = 3667
	number of sorts = 0
	number of tasks in largest method = 6
	number of primitive SHOP tasks = 618
	number of epsilon methods = 0
	number of primitive tasks = 858
	number of constants = 0
Removing unnecessary predicates ... done.
	number of abstract tasks = 289
	number of tasks = 1147
	number of decomposition methods = 646
	number of predicates = 360
	number of sorts = 0
	number of tasks in largest method = 6
	number of primitive SHOP tasks = 618
	number of epsilon methods = 0
	number of primitive tasks = 858
	number of constants = 0
Omitting lifted reachability analysis ... 
Grounded planning graph ... done in 28ms.
	Number of Grounded Actions 858
	Number of Grounded Literals 360
	number of abstract tasks = 289
	number of tasks = 1147
	number of decomposition methods = 646
	number of predicates = 360
	number of sorts = 0
	number of tasks in largest method = 6
	number of primitive SHOP tasks = 618
	number of epsilon methods = 0
	number of primitive tasks = 858
	number of constants = 0
Two Way TDG ... done.
	number of abstract tasks = 289
	number of tasks = 1147
	number of decomposition methods = 646
	number of predicates = 360
	number of sorts = 0
	number of tasks in largest method = 6
	number of primitive SHOP tasks = 618
	number of epsilon methods = 0
	number of primitive tasks = 858
	number of constants = 0
Compiling expand choiceless abstract tasks ... done.
	number of abstract tasks = 237
	number of tasks = 1095
	number of decomposition methods = 594
	number of predicates = 360
	number of sorts = 0
	number of tasks in largest method = 4
	number of primitive SHOP tasks = 618
	number of epsilon methods = 0
	number of primitive tasks = 858
	number of constants = 0
Compiling initial plan ... done.
	number of abstract tasks = 238
	number of tasks = 1096
	number of decomposition methods = 595
	number of predicates = 360
	number of sorts = 0
	number of tasks in largest method = 53
	number of primitive SHOP tasks = 618
	number of epsilon methods = 0
	number of primitive tasks = 858
	number of constants = 0
Removing unnecessary predicates ... done.
	number of abstract tasks = 238
	number of tasks = 1096
	number of decomposition methods = 595
	number of predicates = 360
	number of sorts = 0
	number of tasks in largest method = 53
	number of primitive SHOP tasks = 618
	number of epsilon methods = 0
	number of primitive tasks = 858
	number of constants = 0
Omitting lifted reachability analysis ... 
Grounded planning graph ... done in 13ms.
	Number of Grounded Actions 858
	Number of Grounded Literals 360
	number of abstract tasks = 238
	number of tasks = 1096
	number of decomposition methods = 595
	number of predicates = 360
	number of sorts = 0
	number of tasks in largest method = 53
	number of primitive SHOP tasks = 618
	number of epsilon methods = 0
	number of primitive tasks = 858
	number of constants = 0
Two Way TDG ... done.
	number of abstract tasks = 238
	number of tasks = 1096
	number of decomposition methods = 595
	number of predicates = 360
	number of sorts = 0
	number of tasks in largest method = 53
	number of primitive SHOP tasks = 618
	number of epsilon methods = 0
	number of primitive tasks = 858
	number of constants = 0
Compiling expand choiceless abstract tasks ... done.
	number of abstract tasks = 237
	number of tasks = 1095
	number of decomposition methods = 594
	number of predicates = 360
	number of sorts = 0
	number of tasks in largest method = 4
	number of primitive SHOP tasks = 618
	number of epsilon methods = 0
	number of primitive tasks = 858
	number of constants = 0
Compiling initial plan ... done.
	number of abstract tasks = 238
	number of tasks = 1096
	number of decomposition methods = 595
	number of predicates = 360
	number of sorts = 0
	number of tasks in largest method = 53
	number of primitive SHOP tasks = 618
	number of epsilon methods = 0
	number of primitive tasks = 858
	number of constants = 0
Removing unnecessary predicates ... done.
	number of abstract tasks = 238
	number of tasks = 1096
	number of decomposition methods = 595
	number of predicates = 360
	number of sorts = 0
	number of tasks in largest method = 53
	number of primitive SHOP tasks = 618
	number of epsilon methods = 0
	number of primitive tasks = 858
	number of constants = 0
Tasks 858 - 254
Domain is acyclic: true
Domain is mostly acyclic: true
Domain is regular: false
Domain is tail recursive: true
Domain is totally ordered: true
Domain has last task in all methods: true
Time remaining for planner 9223372036854770794ms
Reducing flat domain ... done.
 - Reduced number of operators from 858 to 858
 - Reduced number of state-bits from 360 to 360
Generating Relaxed Composition Model ...
Calculating top down reachability ...
 - Found 1096 SCCs with up to 1 tasks.
 - Reachability calculated in 5 ms.
 - model has 1453 operators
 - model has 2314 state features
 - operators' mean count of (pre, add, del) = (2,05, 1,25, 0,25)
 - effects' mean achiever count: 1,25
 - effects' mean consumer count: 2,05

Searching with 
 - Priority Queue search routine
 - A-Star search
 - HTN heuristic:hhRelataxedComposition-with-hFF-EQ
 - Abstract task choice: randomly
 - time limit for search is 2147483647 sec

Starting priority queue search
nodes/sec: 11409 - generated nodes: 11420 - fringe size: 1827 - current modification depth: 66 - g(s)+h(s)= 358
nodes/sec: 12373 - generated nodes: 24771 - fringe size: 3954 - current modification depth: 103 - g(s)+h(s)= 357
nodes/sec: 12988 - generated nodes: 39003 - fringe size: 6224 - current modification depth: 142 - g(s)+h(s)= 358
nodes/sec: 13316 - generated nodes: 53318 - fringe size: 8520 - current modification depth: 94 - g(s)+h(s)= 358
nodes/sec: 13596 - generated nodes: 68046 - fringe size: 10933 - current modification depth: 128 - g(s)+h(s)= 358
nodes/sec: 13862 - generated nodes: 83254 - fringe size: 13410 - current modification depth: 152 - g(s)+h(s)= 358
nodes/sec: 14018 - generated nodes: 98222 - fringe size: 15856 - current modification depth: 131 - g(s)+h(s)= 357
nodes/sec: 14213 - generated nodes: 113817 - fringe size: 18443 - current modification depth: 215 - g(s)+h(s)= 357
nodes/sec: 14281 - generated nodes: 128658 - fringe size: 20908 - current modification depth: 180 - g(s)+h(s)= 358
nodes/sec: 14352 - generated nodes: 143667 - fringe size: 23423 - current modification depth: 206 - g(s)+h(s)= 358
nodes/sec: 14403 - generated nodes: 158587 - fringe size: 25919 - current modification depth: 115 - g(s)+h(s)= 356
nodes/sec: 14413 - generated nodes: 173123 - fringe size: 28351 - current modification depth: 242 - g(s)+h(s)= 357
nodes/sec: 14459 - generated nodes: 188154 - fringe size: 30881 - current modification depth: 122 - g(s)+h(s)= 358
nodes/sec: 14518 - generated nodes: 203461 - fringe size: 33467 - current modification depth: 142 - g(s)+h(s)= 357
nodes/sec: 14887 - generated nodes: 223526 - fringe size: 36838 - current modification depth: 460 - g(s)+h(s)= 356
Found solution 1 length 430
Number of nodes in final fringe: 40607
Generated search nodes (total): 245776
Search time: 15800 ms

Found a solution:
__top_9 @ __artificialTopCompilation__top_9
SHOP_methodbuild-wall-2_2_precondition[n5,n4,l-1-0-0,l-2-0-0]
build-row-3[?len2=n5,?d=e,?t=stone,?loc1=l-1-0-0,?len=n6,?loc2=l-1-0-1] @ buildrow[l-1-0-0,n6,e,stone]
SHOP_methodbuild-row-3_8_precondition[e,n5,n6,l-1-0-0,l-1-0-1]
build-row-2[?loc2=l-1-0-2,?d=e,?t=stone,?loc1=l-1-0-1,?len=n5,?len2=n4] @ buildrow[l-1-0-1,n5,e,stone]
SHOP_methodbuild-row-2_7_precondition[l-1-0-2,n5,e,l-1-0-1,n4]
place-block-abstract-1[?loc1=l-1-0-1,?t=stone] @ placeblockabstract[l-1-0-1,stone]
SHOP_methodplace-block-abstract-1_9_precondition[l-1-0-1]
placeblock[l-1-0-1,stone]
build-row-2[?loc2=l-1-0-3,?d=e,?t=stone,?loc1=l-1-0-2,?len=n4,?len2=n3] @ buildrow[l-1-0-2,n4,e,stone]
SHOP_methodbuild-row-2_7_precondition[l-1-0-3,n4,e,l-1-0-2,n3]
place-block-abstract-1[?loc1=l-1-0-2,?t=stone] @ placeblockabstract[l-1-0-2,stone]
SHOP_methodplace-block-abstract-1_9_precondition[l-1-0-2]
placeblock[l-1-0-2,stone]
build-row-3[?len2=n2,?d=e,?t=stone,?loc1=l-1-0-3,?len=n3,?loc2=l-1-0-4] @ buildrow[l-1-0-3,n3,e,stone]
SHOP_methodbuild-row-3_8_precondition[e,n2,n3,l-1-0-3,l-1-0-4]
build-row-2[?loc2=l-1-0-5,?d=e,?t=stone,?loc1=l-1-0-4,?len=n2,?len2=n1] @ buildrow[l-1-0-4,n2,e,stone]
SHOP_methodbuild-row-2_7_precondition[l-1-0-5,n2,e,l-1-0-4,n1]
place-block-abstract-1[?loc1=l-1-0-4,?t=stone] @ placeblockabstract[l-1-0-4,stone]
SHOP_methodplace-block-abstract-1_9_precondition[l-1-0-4]
placeblock[l-1-0-4,stone]
SHOP_methodbuild-row-1_6_precondition[n1]
place-block-abstract-1[?loc1=l-1-0-5,?t=stone] @ placeblockabstract[l-1-0-5,stone]
SHOP_methodplace-block-abstract-1_9_precondition[l-1-0-5]
placeblock[l-1-0-5,stone]
place-block-abstract-1[?loc1=l-1-0-3,?t=stone] @ placeblockabstract[l-1-0-3,stone]
SHOP_methodplace-block-abstract-1_9_precondition[l-1-0-3]
placeblock[l-1-0-3,stone]
place-block-abstract-1[?loc1=l-1-0-0,?t=stone] @ placeblockabstract[l-1-0-0,stone]
SHOP_methodplace-block-abstract-1_9_precondition[l-1-0-0]
placeblock[l-1-0-0,stone]
SHOP_methodbuild-wall-2_2_precondition[n4,n3,l-2-0-0,l-3-0-0]
build-row-3[?len2=n5,?d=e,?t=stone,?loc1=l-2-0-0,?len=n6,?loc2=l-2-0-1] @ buildrow[l-2-0-0,n6,e,stone]
SHOP_methodbuild-row-3_8_precondition[e,n5,n6,l-2-0-0,l-2-0-1]
build-row-2[?loc2=l-2-0-2,?d=e,?t=stone,?loc1=l-2-0-1,?len=n5,?len2=n4] @ buildrow[l-2-0-1,n5,e,stone]
SHOP_methodbuild-row-2_7_precondition[l-2-0-2,n5,e,l-2-0-1,n4]
place-block-abstract-1[?loc1=l-2-0-1,?t=stone] @ placeblockabstract[l-2-0-1,stone]
SHOP_methodplace-block-abstract-1_9_precondition[l-2-0-1]
placeblock[l-2-0-1,stone]
build-row-2[?loc2=l-2-0-3,?d=e,?t=stone,?loc1=l-2-0-2,?len=n4,?len2=n3] @ buildrow[l-2-0-2,n4,e,stone]
SHOP_methodbuild-row-2_7_precondition[l-2-0-3,n4,e,l-2-0-2,n3]
place-block-abstract-1[?loc1=l-2-0-2,?t=stone] @ placeblockabstract[l-2-0-2,stone]
SHOP_methodplace-block-abstract-1_9_precondition[l-2-0-2]
placeblock[l-2-0-2,stone]
build-row-2[?loc2=l-2-0-4,?d=e,?t=stone,?loc1=l-2-0-3,?len=n3,?len2=n2] @ buildrow[l-2-0-3,n3,e,stone]
SHOP_methodbuild-row-2_7_precondition[l-2-0-4,n3,e,l-2-0-3,n2]
place-block-abstract-1[?loc1=l-2-0-3,?t=stone] @ placeblockabstract[l-2-0-3,stone]
SHOP_methodplace-block-abstract-1_9_precondition[l-2-0-3]
placeblock[l-2-0-3,stone]
build-row-2[?loc2=l-2-0-5,?d=e,?t=stone,?loc1=l-2-0-4,?len=n2,?len2=n1] @ buildrow[l-2-0-4,n2,e,stone]
SHOP_methodbuild-row-2_7_precondition[l-2-0-5,n2,e,l-2-0-4,n1]
place-block-abstract-1[?loc1=l-2-0-4,?t=stone] @ placeblockabstract[l-2-0-4,stone]
SHOP_methodplace-block-abstract-1_9_precondition[l-2-0-4]
placeblock[l-2-0-4,stone]
SHOP_methodbuild-row-1_6_precondition[n1]
place-block-abstract-1[?loc1=l-2-0-5,?t=stone] @ placeblockabstract[l-2-0-5,stone]
SHOP_methodplace-block-abstract-1_9_precondition[l-2-0-5]
placeblock[l-2-0-5,stone]
place-block-abstract-1[?loc1=l-2-0-0,?t=stone] @ placeblockabstract[l-2-0-0,stone]
SHOP_methodplace-block-abstract-1_9_precondition[l-2-0-0]
placeblock[l-2-0-0,stone]
SHOP_methodbuild-wall-2_2_precondition[n3,n2,l-3-0-0,l-4-0-0]
build-row-3[?len2=n5,?d=e,?t=stone,?loc1=l-3-0-0,?len=n6,?loc2=l-3-0-1] @ buildrow[l-3-0-0,n6,e,stone]
SHOP_methodbuild-row-3_8_precondition[e,n5,n6,l-3-0-0,l-3-0-1]
build-row-2[?loc2=l-3-0-2,?d=e,?t=stone,?loc1=l-3-0-1,?len=n5,?len2=n4] @ buildrow[l-3-0-1,n5,e,stone]
SHOP_methodbuild-row-2_7_precondition[l-3-0-2,n5,e,l-3-0-1,n4]
place-block-abstract-1[?loc1=l-3-0-1,?t=stone] @ placeblockabstract[l-3-0-1,stone]
SHOP_methodplace-block-abstract-1_9_precondition[l-3-0-1]
placeblock[l-3-0-1,stone]
build-row-3[?len2=n3,?d=e,?t=stone,?loc1=l-3-0-2,?len=n4,?loc2=l-3-0-3] @ buildrow[l-3-0-2,n4,e,stone]
SHOP_methodbuild-row-3_8_precondition[e,n3,n4,l-3-0-2,l-3-0-3]
build-row-2[?loc2=l-3-0-4,?d=e,?t=stone,?loc1=l-3-0-3,?len=n3,?len2=n2] @ buildrow[l-3-0-3,n3,e,stone]
SHOP_methodbuild-row-2_7_precondition[l-3-0-4,n3,e,l-3-0-3,n2]
place-block-abstract-1[?loc1=l-3-0-3,?t=stone] @ placeblockabstract[l-3-0-3,stone]
SHOP_methodplace-block-abstract-1_9_precondition[l-3-0-3]
placeblock[l-3-0-3,stone]
build-row-2[?loc2=l-3-0-5,?d=e,?t=stone,?loc1=l-3-0-4,?len=n2,?len2=n1] @ buildrow[l-3-0-4,n2,e,stone]
SHOP_methodbuild-row-2_7_precondition[l-3-0-5,n2,e,l-3-0-4,n1]
place-block-abstract-1[?loc1=l-3-0-4,?t=stone] @ placeblockabstract[l-3-0-4,stone]
SHOP_methodplace-block-abstract-1_9_precondition[l-3-0-4]
placeblock[l-3-0-4,stone]
SHOP_methodbuild-row-1_6_precondition[n1]
place-block-abstract-1[?loc1=l-3-0-5,?t=stone] @ placeblockabstract[l-3-0-5,stone]
SHOP_methodplace-block-abstract-1_9_precondition[l-3-0-5]
placeblock[l-3-0-5,stone]
place-block-abstract-1[?loc1=l-3-0-2,?t=stone] @ placeblockabstract[l-3-0-2,stone]
SHOP_methodplace-block-abstract-1_9_precondition[l-3-0-2]
placeblock[l-3-0-2,stone]
place-block-abstract-1[?loc1=l-3-0-0,?t=stone] @ placeblockabstract[l-3-0-0,stone]
SHOP_methodplace-block-abstract-1_9_precondition[l-3-0-0]
placeblock[l-3-0-0,stone]
SHOP_methodbuild-wall-2_2_precondition[n2,n1,l-4-0-0,l-5-0-0]
build-row-3[?len2=n5,?d=e,?t=stone,?loc1=l-4-0-0,?len=n6,?loc2=l-4-0-1] @ buildrow[l-4-0-0,n6,e,stone]
SHOP_methodbuild-row-3_8_precondition[e,n5,n6,l-4-0-0,l-4-0-1]
build-row-2[?loc2=l-4-0-2,?d=e,?t=stone,?loc1=l-4-0-1,?len=n5,?len2=n4] @ buildrow[l-4-0-1,n5,e,stone]
SHOP_methodbuild-row-2_7_precondition[l-4-0-2,n5,e,l-4-0-1,n4]
place-block-abstract-1[?loc1=l-4-0-1,?t=stone] @ placeblockabstract[l-4-0-1,stone]
SHOP_methodplace-block-abstract-1_9_precondition[l-4-0-1]
placeblock[l-4-0-1,stone]
build-row-3[?len2=n3,?d=e,?t=stone,?loc1=l-4-0-2,?len=n4,?loc2=l-4-0-3] @ buildrow[l-4-0-2,n4,e,stone]
SHOP_methodbuild-row-3_8_precondition[e,n3,n4,l-4-0-2,l-4-0-3]
build-row-2[?loc2=l-4-0-4,?d=e,?t=stone,?loc1=l-4-0-3,?len=n3,?len2=n2] @ buildrow[l-4-0-3,n3,e,stone]
SHOP_methodbuild-row-2_7_precondition[l-4-0-4,n3,e,l-4-0-3,n2]
place-block-abstract-1[?loc1=l-4-0-3,?t=stone] @ placeblockabstract[l-4-0-3,stone]
SHOP_methodplace-block-abstract-1_9_precondition[l-4-0-3]
placeblock[l-4-0-3,stone]
build-row-2[?loc2=l-4-0-5,?d=e,?t=stone,?loc1=l-4-0-4,?len=n2,?len2=n1] @ buildrow[l-4-0-4,n2,e,stone]
SHOP_methodbuild-row-2_7_precondition[l-4-0-5,n2,e,l-4-0-4,n1]
place-block-abstract-1[?loc1=l-4-0-4,?t=stone] @ placeblockabstract[l-4-0-4,stone]
SHOP_methodplace-block-abstract-1_9_precondition[l-4-0-4]
placeblock[l-4-0-4,stone]
SHOP_methodbuild-row-1_6_precondition[n1]
place-block-abstract-1[?loc1=l-4-0-5,?t=stone] @ placeblockabstract[l-4-0-5,stone]
SHOP_methodplace-block-abstract-1_9_precondition[l-4-0-5]
placeblock[l-4-0-5,stone]
place-block-abstract-1[?loc1=l-4-0-2,?t=stone] @ placeblockabstract[l-4-0-2,stone]
SHOP_methodplace-block-abstract-1_9_precondition[l-4-0-2]
placeblock[l-4-0-2,stone]
place-block-abstract-1[?loc1=l-4-0-0,?t=stone] @ placeblockabstract[l-4-0-0,stone]
SHOP_methodplace-block-abstract-1_9_precondition[l-4-0-0]
placeblock[l-4-0-0,stone]
SHOP_methodbuild-wall-1_1_precondition[n1]
build-row-3[?len2=n5,?d=e,?t=stone,?loc1=l-5-0-0,?len=n6,?loc2=l-5-0-1] @ buildrow[l-5-0-0,n6,e,stone]
SHOP_methodbuild-row-3_8_precondition[e,n5,n6,l-5-0-0,l-5-0-1]
build-row-3[?len2=n4,?d=e,?t=stone,?loc1=l-5-0-1,?len=n5,?loc2=l-5-0-2] @ buildrow[l-5-0-1,n5,e,stone]
SHOP_methodbuild-row-3_8_precondition[e,n4,n5,l-5-0-1,l-5-0-2]
build-row-2[?loc2=l-5-0-3,?d=e,?t=stone,?loc1=l-5-0-2,?len=n4,?len2=n3] @ buildrow[l-5-0-2,n4,e,stone]
SHOP_methodbuild-row-2_7_precondition[l-5-0-3,n4,e,l-5-0-2,n3]
place-block-abstract-1[?loc1=l-5-0-2,?t=stone] @ placeblockabstract[l-5-0-2,stone]
SHOP_methodplace-block-abstract-1_9_precondition[l-5-0-2]
placeblock[l-5-0-2,stone]
build-row-2[?loc2=l-5-0-4,?d=e,?t=stone,?loc1=l-5-0-3,?len=n3,?len2=n2] @ buildrow[l-5-0-3,n3,e,stone]
SHOP_methodbuild-row-2_7_precondition[l-5-0-4,n3,e,l-5-0-3,n2]
place-block-abstract-1[?loc1=l-5-0-3,?t=stone] @ placeblockabstract[l-5-0-3,stone]
SHOP_methodplace-block-abstract-1_9_precondition[l-5-0-3]
placeblock[l-5-0-3,stone]
build-row-2[?loc2=l-5-0-5,?d=e,?t=stone,?loc1=l-5-0-4,?len=n2,?len2=n1] @ buildrow[l-5-0-4,n2,e,stone]
SHOP_methodbuild-row-2_7_precondition[l-5-0-5,n2,e,l-5-0-4,n1]
place-block-abstract-1[?loc1=l-5-0-4,?t=stone] @ placeblockabstract[l-5-0-4,stone]
SHOP_methodplace-block-abstract-1_9_precondition[l-5-0-4]
placeblock[l-5-0-4,stone]
SHOP_methodbuild-row-1_6_precondition[n1]
place-block-abstract-1[?loc1=l-5-0-5,?t=stone] @ placeblockabstract[l-5-0-5,stone]
SHOP_methodplace-block-abstract-1_9_precondition[l-5-0-5]
placeblock[l-5-0-5,stone]
place-block-abstract-1[?loc1=l-5-0-1,?t=stone] @ placeblockabstract[l-5-0-1,stone]
SHOP_methodplace-block-abstract-1_9_precondition[l-5-0-1]
placeblock[l-5-0-1,stone]
place-block-abstract-1[?loc1=l-5-0-0,?t=stone] @ placeblockabstract[l-5-0-0,stone]
SHOP_methodplace-block-abstract-1_9_precondition[l-5-0-0]
placeblock[l-5-0-0,stone]
SHOP_methodbuild-wall-2_2_precondition[n5,n4,l-1-0-5,l-2-0-5]
build-row-2[?loc2=l-1-1-5,?d=n,?t=stone,?loc1=l-1-0-5,?len=n5,?len2=n4] @ buildrow[l-1-0-5,n5,n,stone]
SHOP_methodbuild-row-2_7_precondition[l-1-1-5,n5,n,l-1-0-5,n4]
place-block-abstract-2[?loc1=l-1-0-5,?t=stone] @ placeblockabstract[l-1-0-5,stone]
SHOP_methodplace-block-abstract-2_10_precondition[l-1-0-5,stone]
build-row-2[?loc2=l-1-2-5,?d=n,?t=stone,?loc1=l-1-1-5,?len=n4,?len2=n3] @ buildrow[l-1-1-5,n4,n,stone]
SHOP_methodbuild-row-2_7_precondition[l-1-2-5,n4,n,l-1-1-5,n3]
place-block-abstract-1[?loc1=l-1-1-5,?t=stone] @ placeblockabstract[l-1-1-5,stone]
SHOP_methodplace-block-abstract-1_9_precondition[l-1-1-5]
placeblock[l-1-1-5,stone]
build-row-2[?loc2=l-1-3-5,?d=n,?t=stone,?loc1=l-1-2-5,?len=n3,?len2=n2] @ buildrow[l-1-2-5,n3,n,stone]
SHOP_methodbuild-row-2_7_precondition[l-1-3-5,n3,n,l-1-2-5,n2]
place-block-abstract-1[?loc1=l-1-2-5,?t=stone] @ placeblockabstract[l-1-2-5,stone]
SHOP_methodplace-block-abstract-1_9_precondition[l-1-2-5]
placeblock[l-1-2-5,stone]
build-row-2[?loc2=l-1-4-5,?d=n,?t=stone,?loc1=l-1-3-5,?len=n2,?len2=n1] @ buildrow[l-1-3-5,n2,n,stone]
SHOP_methodbuild-row-2_7_precondition[l-1-4-5,n2,n,l-1-3-5,n1]
place-block-abstract-1[?loc1=l-1-3-5,?t=stone] @ placeblockabstract[l-1-3-5,stone]
SHOP_methodplace-block-abstract-1_9_precondition[l-1-3-5]
placeblock[l-1-3-5,stone]
SHOP_methodbuild-row-1_6_precondition[n1]
place-block-abstract-1[?loc1=l-1-4-5,?t=stone] @ placeblockabstract[l-1-4-5,stone]
SHOP_methodplace-block-abstract-1_9_precondition[l-1-4-5]
placeblock[l-1-4-5,stone]
SHOP_methodbuild-wall-2_2_precondition[n4,n3,l-2-0-5,l-3-0-5]
build-row-3[?len2=n4,?d=n,?t=stone,?loc1=l-2-0-5,?len=n5,?loc2=l-2-1-5] @ buildrow[l-2-0-5,n5,n,stone]
SHOP_methodbuild-row-3_8_precondition[n,n4,n5,l-2-0-5,l-2-1-5]
build-row-2[?loc2=l-2-2-5,?d=n,?t=stone,?loc1=l-2-1-5,?len=n4,?len2=n3] @ buildrow[l-2-1-5,n4,n,stone]
SHOP_methodbuild-row-2_7_precondition[l-2-2-5,n4,n,l-2-1-5,n3]
place-block-abstract-1[?loc1=l-2-1-5,?t=stone] @ placeblockabstract[l-2-1-5,stone]
SHOP_methodplace-block-abstract-1_9_precondition[l-2-1-5]
placeblock[l-2-1-5,stone]
build-row-2[?loc2=l-2-3-5,?d=n,?t=stone,?loc1=l-2-2-5,?len=n3,?len2=n2] @ buildrow[l-2-2-5,n3,n,stone]
SHOP_methodbuild-row-2_7_precondition[l-2-3-5,n3,n,l-2-2-5,n2]
place-block-abstract-1[?loc1=l-2-2-5,?t=stone] @ placeblockabstract[l-2-2-5,stone]
SHOP_methodplace-block-abstract-1_9_precondition[l-2-2-5]
placeblock[l-2-2-5,stone]
build-row-2[?loc2=l-2-4-5,?d=n,?t=stone,?loc1=l-2-3-5,?len=n2,?len2=n1] @ buildrow[l-2-3-5,n2,n,stone]
SHOP_methodbuild-row-2_7_precondition[l-2-4-5,n2,n,l-2-3-5,n1]
place-block-abstract-1[?loc1=l-2-3-5,?t=stone] @ placeblockabstract[l-2-3-5,stone]
SHOP_methodplace-block-abstract-1_9_precondition[l-2-3-5]
placeblock[l-2-3-5,stone]
SHOP_methodbuild-row-1_6_precondition[n1]
place-block-abstract-1[?loc1=l-2-4-5,?t=stone] @ placeblockabstract[l-2-4-5,stone]
SHOP_methodplace-block-abstract-1_9_precondition[l-2-4-5]
placeblock[l-2-4-5,stone]
place-block-abstract-2[?loc1=l-2-0-5,?t=stone] @ placeblockabstract[l-2-0-5,stone]
SHOP_methodplace-block-abstract-2_10_precondition[l-2-0-5,stone]
SHOP_methodbuild-wall-2_2_precondition[n3,n2,l-3-0-5,l-4-0-5]
build-row-2[?loc2=l-3-1-5,?d=n,?t=stone,?loc1=l-3-0-5,?len=n5,?len2=n4] @ buildrow[l-3-0-5,n5,n,stone]
SHOP_methodbuild-row-2_7_precondition[l-3-1-5,n5,n,l-3-0-5,n4]
place-block-abstract-2[?loc1=l-3-0-5,?t=stone] @ placeblockabstract[l-3-0-5,stone]
SHOP_methodplace-block-abstract-2_10_precondition[l-3-0-5,stone]
build-row-2[?loc2=l-3-2-5,?d=n,?t=stone,?loc1=l-3-1-5,?len=n4,?len2=n3] @ buildrow[l-3-1-5,n4,n,stone]
SHOP_methodbuild-row-2_7_precondition[l-3-2-5,n4,n,l-3-1-5,n3]
place-block-abstract-1[?loc1=l-3-1-5,?t=stone] @ placeblockabstract[l-3-1-5,stone]
SHOP_methodplace-block-abstract-1_9_precondition[l-3-1-5]
placeblock[l-3-1-5,stone]
build-row-2[?loc2=l-3-3-5,?d=n,?t=stone,?loc1=l-3-2-5,?len=n3,?len2=n2] @ buildrow[l-3-2-5,n3,n,stone]
SHOP_methodbuild-row-2_7_precondition[l-3-3-5,n3,n,l-3-2-5,n2]
place-block-abstract-1[?loc1=l-3-2-5,?t=stone] @ placeblockabstract[l-3-2-5,stone]
SHOP_methodplace-block-abstract-1_9_precondition[l-3-2-5]
placeblock[l-3-2-5,stone]
build-row-2[?loc2=l-3-4-5,?d=n,?t=stone,?loc1=l-3-3-5,?len=n2,?len2=n1] @ buildrow[l-3-3-5,n2,n,stone]
SHOP_methodbuild-row-2_7_precondition[l-3-4-5,n2,n,l-3-3-5,n1]
place-block-abstract-1[?loc1=l-3-3-5,?t=stone] @ placeblockabstract[l-3-3-5,stone]
SHOP_methodplace-block-abstract-1_9_precondition[l-3-3-5]
placeblock[l-3-3-5,stone]
SHOP_methodbuild-row-1_6_precondition[n1]
place-block-abstract-1[?loc1=l-3-4-5,?t=stone] @ placeblockabstract[l-3-4-5,stone]
SHOP_methodplace-block-abstract-1_9_precondition[l-3-4-5]
placeblock[l-3-4-5,stone]
SHOP_methodbuild-wall-2_2_precondition[n2,n1,l-4-0-5,l-5-0-5]
build-row-3[?len2=n4,?d=n,?t=stone,?loc1=l-4-0-5,?len=n5,?loc2=l-4-1-5] @ buildrow[l-4-0-5,n5,n,stone]
SHOP_methodbuild-row-3_8_precondition[n,n4,n5,l-4-0-5,l-4-1-5]
build-row-2[?loc2=l-4-2-5,?d=n,?t=stone,?loc1=l-4-1-5,?len=n4,?len2=n3] @ buildrow[l-4-1-5,n4,n,stone]
SHOP_methodbuild-row-2_7_precondition[l-4-2-5,n4,n,l-4-1-5,n3]
place-block-abstract-1[?loc1=l-4-1-5,?t=stone] @ placeblockabstract[l-4-1-5,stone]
SHOP_methodplace-block-abstract-1_9_precondition[l-4-1-5]
placeblock[l-4-1-5,stone]
build-row-2[?loc2=l-4-3-5,?d=n,?t=stone,?loc1=l-4-2-5,?len=n3,?len2=n2] @ buildrow[l-4-2-5,n3,n,stone]
SHOP_methodbuild-row-2_7_precondition[l-4-3-5,n3,n,l-4-2-5,n2]
place-block-abstract-1[?loc1=l-4-2-5,?t=stone] @ placeblockabstract[l-4-2-5,stone]
SHOP_methodplace-block-abstract-1_9_precondition[l-4-2-5]
placeblock[l-4-2-5,stone]
build-row-2[?loc2=l-4-4-5,?d=n,?t=stone,?loc1=l-4-3-5,?len=n2,?len2=n1] @ buildrow[l-4-3-5,n2,n,stone]
SHOP_methodbuild-row-2_7_precondition[l-4-4-5,n2,n,l-4-3-5,n1]
place-block-abstract-1[?loc1=l-4-3-5,?t=stone] @ placeblockabstract[l-4-3-5,stone]
SHOP_methodplace-block-abstract-1_9_precondition[l-4-3-5]
placeblock[l-4-3-5,stone]
SHOP_methodbuild-row-1_6_precondition[n1]
place-block-abstract-1[?loc1=l-4-4-5,?t=stone] @ placeblockabstract[l-4-4-5,stone]
SHOP_methodplace-block-abstract-1_9_precondition[l-4-4-5]
placeblock[l-4-4-5,stone]
place-block-abstract-2[?loc1=l-4-0-5,?t=stone] @ placeblockabstract[l-4-0-5,stone]
SHOP_methodplace-block-abstract-2_10_precondition[l-4-0-5,stone]
SHOP_methodbuild-wall-1_1_precondition[n1]
build-row-3[?len2=n4,?d=n,?t=stone,?loc1=l-5-0-5,?len=n5,?loc2=l-5-1-5] @ buildrow[l-5-0-5,n5,n,stone]
SHOP_methodbuild-row-3_8_precondition[n,n4,n5,l-5-0-5,l-5-1-5]
build-row-2[?loc2=l-5-2-5,?d=n,?t=stone,?loc1=l-5-1-5,?len=n4,?len2=n3] @ buildrow[l-5-1-5,n4,n,stone]
SHOP_methodbuild-row-2_7_precondition[l-5-2-5,n4,n,l-5-1-5,n3]
place-block-abstract-1[?loc1=l-5-1-5,?t=stone] @ placeblockabstract[l-5-1-5,stone]
SHOP_methodplace-block-abstract-1_9_precondition[l-5-1-5]
placeblock[l-5-1-5,stone]
build-row-2[?loc2=l-5-3-5,?d=n,?t=stone,?loc1=l-5-2-5,?len=n3,?len2=n2] @ buildrow[l-5-2-5,n3,n,stone]
SHOP_methodbuild-row-2_7_precondition[l-5-3-5,n3,n,l-5-2-5,n2]
place-block-abstract-1[?loc1=l-5-2-5,?t=stone] @ placeblockabstract[l-5-2-5,stone]
SHOP_methodplace-block-abstract-1_9_precondition[l-5-2-5]
placeblock[l-5-2-5,stone]
build-row-2[?loc2=l-5-4-5,?d=n,?t=stone,?loc1=l-5-3-5,?len=n2,?len2=n1] @ buildrow[l-5-3-5,n2,n,stone]
SHOP_methodbuild-row-2_7_precondition[l-5-4-5,n2,n,l-5-3-5,n1]
place-block-abstract-1[?loc1=l-5-3-5,?t=stone] @ placeblockabstract[l-5-3-5,stone]
SHOP_methodplace-block-abstract-1_9_precondition[l-5-3-5]
placeblock[l-5-3-5,stone]
SHOP_methodbuild-row-1_6_precondition[n1]
place-block-abstract-1[?loc1=l-5-4-5,?t=stone] @ placeblockabstract[l-5-4-5,stone]
SHOP_methodplace-block-abstract-1_9_precondition[l-5-4-5]
placeblock[l-5-4-5,stone]
place-block-abstract-2[?loc1=l-5-0-5,?t=stone] @ placeblockabstract[l-5-0-5,stone]
SHOP_methodplace-block-abstract-2_10_precondition[l-5-0-5,stone]
SHOP_methodbuild-wall-2_2_precondition[n5,n4,l-1-4-5,l-2-4-5]
build-row-2[?loc2=l-1-4-4,?d=w,?t=stone,?loc1=l-1-4-5,?len=n6,?len2=n5] @ buildrow[l-1-4-5,n6,w,stone]
SHOP_methodbuild-row-2_7_precondition[l-1-4-4,n6,w,l-1-4-5,n5]
place-block-abstract-2[?loc1=l-1-4-5,?t=stone] @ placeblockabstract[l-1-4-5,stone]
SHOP_methodplace-block-abstract-2_10_precondition[l-1-4-5,stone]
build-row-2[?loc2=l-1-4-3,?d=w,?t=stone,?loc1=l-1-4-4,?len=n5,?len2=n4] @ buildrow[l-1-4-4,n5,w,stone]
SHOP_methodbuild-row-2_7_precondition[l-1-4-3,n5,w,l-1-4-4,n4]
place-block-abstract-1[?loc1=l-1-4-4,?t=stone] @ placeblockabstract[l-1-4-4,stone]
SHOP_methodplace-block-abstract-1_9_precondition[l-1-4-4]
placeblock[l-1-4-4,stone]
build-row-2[?loc2=l-1-4-2,?d=w,?t=stone,?loc1=l-1-4-3,?len=n4,?len2=n3] @ buildrow[l-1-4-3,n4,w,stone]
SHOP_methodbuild-row-2_7_precondition[l-1-4-2,n4,w,l-1-4-3,n3]
place-block-abstract-1[?loc1=l-1-4-3,?t=stone] @ placeblockabstract[l-1-4-3,stone]
SHOP_methodplace-block-abstract-1_9_precondition[l-1-4-3]
placeblock[l-1-4-3,stone]
build-row-2[?loc2=l-1-4-1,?d=w,?t=stone,?loc1=l-1-4-2,?len=n3,?len2=n2] @ buildrow[l-1-4-2,n3,w,stone]
SHOP_methodbuild-row-2_7_precondition[l-1-4-1,n3,w,l-1-4-2,n2]
place-block-abstract-1[?loc1=l-1-4-2,?t=stone] @ placeblockabstract[l-1-4-2,stone]
SHOP_methodplace-block-abstract-1_9_precondition[l-1-4-2]
placeblock[l-1-4-2,stone]
build-row-2[?loc2=l-1-4-0,?d=w,?t=stone,?loc1=l-1-4-1,?len=n2,?len2=n1] @ buildrow[l-1-4-1,n2,w,stone]
SHOP_methodbuild-row-2_7_precondition[l-1-4-0,n2,w,l-1-4-1,n1]
place-block-abstract-1[?loc1=l-1-4-1,?t=stone] @ placeblockabstract[l-1-4-1,stone]
SHOP_methodplace-block-abstract-1_9_precondition[l-1-4-1]
placeblock[l-1-4-1,stone]
SHOP_methodbuild-row-1_6_precondition[n1]
place-block-abstract-1[?loc1=l-1-4-0,?t=stone] @ placeblockabstract[l-1-4-0,stone]
SHOP_methodplace-block-abstract-1_9_precondition[l-1-4-0]
placeblock[l-1-4-0,stone]
SHOP_methodbuild-wall-2_2_precondition[n4,n3,l-2-4-5,l-3-4-5]
build-row-3[?len2=n5,?d=w,?t=stone,?loc1=l-2-4-5,?len=n6,?loc2=l-2-4-4] @ buildrow[l-2-4-5,n6,w,stone]
SHOP_methodbuild-row-3_8_precondition[w,n5,n6,l-2-4-5,l-2-4-4]
build-row-2[?loc2=l-2-4-3,?d=w,?t=stone,?loc1=l-2-4-4,?len=n5,?len2=n4] @ buildrow[l-2-4-4,n5,w,stone]
SHOP_methodbuild-row-2_7_precondition[l-2-4-3,n5,w,l-2-4-4,n4]
place-block-abstract-1[?loc1=l-2-4-4,?t=stone] @ placeblockabstract[l-2-4-4,stone]
SHOP_methodplace-block-abstract-1_9_precondition[l-2-4-4]
placeblock[l-2-4-4,stone]
build-row-2[?loc2=l-2-4-2,?d=w,?t=stone,?loc1=l-2-4-3,?len=n4,?len2=n3] @ buildrow[l-2-4-3,n4,w,stone]
SHOP_methodbuild-row-2_7_precondition[l-2-4-2,n4,w,l-2-4-3,n3]
place-block-abstract-1[?loc1=l-2-4-3,?t=stone] @ placeblockabstract[l-2-4-3,stone]
SHOP_methodplace-block-abstract-1_9_precondition[l-2-4-3]
placeblock[l-2-4-3,stone]
build-row-2[?loc2=l-2-4-1,?d=w,?t=stone,?loc1=l-2-4-2,?len=n3,?len2=n2] @ buildrow[l-2-4-2,n3,w,stone]
SHOP_methodbuild-row-2_7_precondition[l-2-4-1,n3,w,l-2-4-2,n2]
place-block-abstract-1[?loc1=l-2-4-2,?t=stone] @ placeblockabstract[l-2-4-2,stone]
SHOP_methodplace-block-abstract-1_9_precondition[l-2-4-2]
placeblock[l-2-4-2,stone]
build-row-2[?loc2=l-2-4-0,?d=w,?t=stone,?loc1=l-2-4-1,?len=n2,?len2=n1] @ buildrow[l-2-4-1,n2,w,stone]
SHOP_methodbuild-row-2_7_precondition[l-2-4-0,n2,w,l-2-4-1,n1]
place-block-abstract-1[?loc1=l-2-4-1,?t=stone] @ placeblockabstract[l-2-4-1,stone]
SHOP_methodplace-block-abstract-1_9_precondition[l-2-4-1]
placeblock[l-2-4-1,stone]
SHOP_methodbuild-row-1_6_precondition[n1]
place-block-abstract-1[?loc1=l-2-4-0,?t=stone] @ placeblockabstract[l-2-4-0,stone]
SHOP_methodplace-block-abstract-1_9_precondition[l-2-4-0]
placeblock[l-2-4-0,stone]
place-block-abstract-2[?loc1=l-2-4-5,?t=stone] @ placeblockabstract[l-2-4-5,stone]
SHOP_methodplace-block-abstract-2_10_precondition[l-2-4-5,stone]
SHOP_methodbuild-wall-2_2_precondition[n3,n2,l-3-4-5,l-4-4-5]
build-row-3[?len2=n5,?d=w,?t=stone,?loc1=l-3-4-5,?len=n6,?loc2=l-3-4-4] @ buildrow[l-3-4-5,n6,w,stone]
SHOP_methodbuild-row-3_8_precondition[w,n5,n6,l-3-4-5,l-3-4-4]
build-row-2[?loc2=l-3-4-3,?d=w,?t=stone,?loc1=l-3-4-4,?len=n5,?len2=n4] @ buildrow[l-3-4-4,n5,w,stone]
SHOP_methodbuild-row-2_7_precondition[l-3-4-3,n5,w,l-3-4-4,n4]
place-block-abstract-1[?loc1=l-3-4-4,?t=stone] @ placeblockabstract[l-3-4-4,stone]
SHOP_methodplace-block-abstract-1_9_precondition[l-3-4-4]
placeblock[l-3-4-4,stone]
build-row-2[?loc2=l-3-4-2,?d=w,?t=stone,?loc1=l-3-4-3,?len=n4,?len2=n3] @ buildrow[l-3-4-3,n4,w,stone]
SHOP_methodbuild-row-2_7_precondition[l-3-4-2,n4,w,l-3-4-3,n3]
place-block-abstract-1[?loc1=l-3-4-3,?t=stone] @ placeblockabstract[l-3-4-3,stone]
SHOP_methodplace-block-abstract-1_9_precondition[l-3-4-3]
placeblock[l-3-4-3,stone]
build-row-2[?loc2=l-3-4-1,?d=w,?t=stone,?loc1=l-3-4-2,?len=n3,?len2=n2] @ buildrow[l-3-4-2,n3,w,stone]
SHOP_methodbuild-row-2_7_precondition[l-3-4-1,n3,w,l-3-4-2,n2]
place-block-abstract-1[?loc1=l-3-4-2,?t=stone] @ placeblockabstract[l-3-4-2,stone]
SHOP_methodplace-block-abstract-1_9_precondition[l-3-4-2]
placeblock[l-3-4-2,stone]
build-row-2[?loc2=l-3-4-0,?d=w,?t=stone,?loc1=l-3-4-1,?len=n2,?len2=n1] @ buildrow[l-3-4-1,n2,w,stone]
SHOP_methodbuild-row-2_7_precondition[l-3-4-0,n2,w,l-3-4-1,n1]
place-block-abstract-1[?loc1=l-3-4-1,?t=stone] @ placeblockabstract[l-3-4-1,stone]
SHOP_methodplace-block-abstract-1_9_precondition[l-3-4-1]
placeblock[l-3-4-1,stone]
SHOP_methodbuild-row-1_6_precondition[n1]
place-block-abstract-1[?loc1=l-3-4-0,?t=stone] @ placeblockabstract[l-3-4-0,stone]
SHOP_methodplace-block-abstract-1_9_precondition[l-3-4-0]
placeblock[l-3-4-0,stone]
place-block-abstract-2[?loc1=l-3-4-5,?t=stone] @ placeblockabstract[l-3-4-5,stone]
SHOP_methodplace-block-abstract-2_10_precondition[l-3-4-5,stone]
SHOP_methodbuild-wall-2_2_precondition[n2,n1,l-4-4-5,l-5-4-5]
build-row-3[?len2=n5,?d=w,?t=stone,?loc1=l-4-4-5,?len=n6,?loc2=l-4-4-4] @ buildrow[l-4-4-5,n6,w,stone]
SHOP_methodbuild-row-3_8_precondition[w,n5,n6,l-4-4-5,l-4-4-4]
build-row-2[?loc2=l-4-4-3,?d=w,?t=stone,?loc1=l-4-4-4,?len=n5,?len2=n4] @ buildrow[l-4-4-4,n5,w,stone]
SHOP_methodbuild-row-2_7_precondition[l-4-4-3,n5,w,l-4-4-4,n4]
place-block-abstract-1[?loc1=l-4-4-4,?t=stone] @ placeblockabstract[l-4-4-4,stone]
SHOP_methodplace-block-abstract-1_9_precondition[l-4-4-4]
placeblock[l-4-4-4,stone]
build-row-2[?loc2=l-4-4-2,?d=w,?t=stone,?loc1=l-4-4-3,?len=n4,?len2=n3] @ buildrow[l-4-4-3,n4,w,stone]
SHOP_methodbuild-row-2_7_precondition[l-4-4-2,n4,w,l-4-4-3,n3]
place-block-abstract-1[?loc1=l-4-4-3,?t=stone] @ placeblockabstract[l-4-4-3,stone]
SHOP_methodplace-block-abstract-1_9_precondition[l-4-4-3]
placeblock[l-4-4-3,stone]
build-row-2[?loc2=l-4-4-1,?d=w,?t=stone,?loc1=l-4-4-2,?len=n3,?len2=n2] @ buildrow[l-4-4-2,n3,w,stone]
SHOP_methodbuild-row-2_7_precondition[l-4-4-1,n3,w,l-4-4-2,n2]
place-block-abstract-1[?loc1=l-4-4-2,?t=stone] @ placeblockabstract[l-4-4-2,stone]
SHOP_methodplace-block-abstract-1_9_precondition[l-4-4-2]
placeblock[l-4-4-2,stone]
build-row-2[?loc2=l-4-4-0,?d=w,?t=stone,?loc1=l-4-4-1,?len=n2,?len2=n1] @ buildrow[l-4-4-1,n2,w,stone]
SHOP_methodbuild-row-2_7_precondition[l-4-4-0,n2,w,l-4-4-1,n1]
place-block-abstract-1[?loc1=l-4-4-1,?t=stone] @ placeblockabstract[l-4-4-1,stone]
SHOP_methodplace-block-abstract-1_9_precondition[l-4-4-1]
placeblock[l-4-4-1,stone]
SHOP_methodbuild-row-1_6_precondition[n1]
place-block-abstract-1[?loc1=l-4-4-0,?t=stone] @ placeblockabstract[l-4-4-0,stone]
SHOP_methodplace-block-abstract-1_9_precondition[l-4-4-0]
placeblock[l-4-4-0,stone]
place-block-abstract-2[?loc1=l-4-4-5,?t=stone] @ placeblockabstract[l-4-4-5,stone]
SHOP_methodplace-block-abstract-2_10_precondition[l-4-4-5,stone]
SHOP_methodbuild-wall-1_1_precondition[n1]
build-row-3[?len2=n5,?d=w,?t=stone,?loc1=l-5-4-5,?len=n6,?loc2=l-5-4-4] @ buildrow[l-5-4-5,n6,w,stone]
SHOP_methodbuild-row-3_8_precondition[w,n5,n6,l-5-4-5,l-5-4-4]
build-row-3[?len2=n4,?d=w,?t=stone,?loc1=l-5-4-4,?len=n5,?loc2=l-5-4-3] @ buildrow[l-5-4-4,n5,w,stone]
SHOP_methodbuild-row-3_8_precondition[w,n4,n5,l-5-4-4,l-5-4-3]
build-row-2[?loc2=l-5-4-2,?d=w,?t=stone,?loc1=l-5-4-3,?len=n4,?len2=n3] @ buildrow[l-5-4-3,n4,w,stone]
SHOP_methodbuild-row-2_7_precondition[l-5-4-2,n4,w,l-5-4-3,n3]
place-block-abstract-1[?loc1=l-5-4-3,?t=stone] @ placeblockabstract[l-5-4-3,stone]
SHOP_methodplace-block-abstract-1_9_precondition[l-5-4-3]
placeblock[l-5-4-3,stone]
build-row-2[?loc2=l-5-4-1,?d=w,?t=stone,?loc1=l-5-4-2,?len=n3,?len2=n2] @ buildrow[l-5-4-2,n3,w,stone]
SHOP_methodbuild-row-2_7_precondition[l-5-4-1,n3,w,l-5-4-2,n2]
place-block-abstract-1[?loc1=l-5-4-2,?t=stone] @ placeblockabstract[l-5-4-2,stone]
SHOP_methodplace-block-abstract-1_9_precondition[l-5-4-2]
placeblock[l-5-4-2,stone]
build-row-2[?loc2=l-5-4-0,?d=w,?t=stone,?loc1=l-5-4-1,?len=n2,?len2=n1] @ buildrow[l-5-4-1,n2,w,stone]
SHOP_methodbuild-row-2_7_precondition[l-5-4-0,n2,w,l-5-4-1,n1]
place-block-abstract-1[?loc1=l-5-4-1,?t=stone] @ placeblockabstract[l-5-4-1,stone]
SHOP_methodplace-block-abstract-1_9_precondition[l-5-4-1]
placeblock[l-5-4-1,stone]
SHOP_methodbuild-row-1_6_precondition[n1]
place-block-abstract-1[?loc1=l-5-4-0,?t=stone] @ placeblockabstract[l-5-4-0,stone]
SHOP_methodplace-block-abstract-1_9_precondition[l-5-4-0]
placeblock[l-5-4-0,stone]
place-block-abstract-1[?loc1=l-5-4-4,?t=stone] @ placeblockabstract[l-5-4-4,stone]
SHOP_methodplace-block-abstract-1_9_precondition[l-5-4-4]
placeblock[l-5-4-4,stone]
place-block-abstract-2[?loc1=l-5-4-5,?t=stone] @ placeblockabstract[l-5-4-5,stone]
SHOP_methodplace-block-abstract-2_10_precondition[l-5-4-5,stone]
SHOP_methodbuild-wall-2_2_precondition[n5,n4,l-1-4-0,l-2-4-0]
build-row-2[?loc2=l-1-3-0,?d=s,?t=stone,?loc1=l-1-4-0,?len=n5,?len2=n4] @ buildrow[l-1-4-0,n5,s,stone]
SHOP_methodbuild-row-2_7_precondition[l-1-3-0,n5,s,l-1-4-0,n4]
place-block-abstract-2[?loc1=l-1-4-0,?t=stone] @ placeblockabstract[l-1-4-0,stone]
SHOP_methodplace-block-abstract-2_10_precondition[l-1-4-0,stone]
build-row-2[?loc2=l-1-2-0,?d=s,?t=stone,?loc1=l-1-3-0,?len=n4,?len2=n3] @ buildrow[l-1-3-0,n4,s,stone]
SHOP_methodbuild-row-2_7_precondition[l-1-2-0,n4,s,l-1-3-0,n3]
place-block-abstract-1[?loc1=l-1-3-0,?t=stone] @ placeblockabstract[l-1-3-0,stone]
SHOP_methodplace-block-abstract-1_9_precondition[l-1-3-0]
placeblock[l-1-3-0,stone]
build-row-3[?len2=n2,?d=s,?t=stone,?loc1=l-1-2-0,?len=n3,?loc2=l-1-1-0] @ buildrow[l-1-2-0,n3,s,stone]
SHOP_methodbuild-row-3_8_precondition[s,n2,n3,l-1-2-0,l-1-1-0]
build-row-3[?len2=n1,?d=s,?t=stone,?loc1=l-1-1-0,?len=n2,?loc2=l-1-0-0] @ buildrow[l-1-1-0,n2,s,stone]
SHOP_methodbuild-row-3_8_precondition[s,n1,n2,l-1-1-0,l-1-0-0]
SHOP_methodbuild-row-1_6_precondition[n1]
place-block-abstract-2[?loc1=l-1-0-0,?t=stone] @ placeblockabstract[l-1-0-0,stone]
SHOP_methodplace-block-abstract-2_10_precondition[l-1-0-0,stone]
place-block-abstract-1[?loc1=l-1-1-0,?t=stone] @ placeblockabstract[l-1-1-0,stone]
SHOP_methodplace-block-abstract-1_9_precondition[l-1-1-0]
placeblock[l-1-1-0,stone]
place-block-abstract-1[?loc1=l-1-2-0,?t=stone] @ placeblockabstract[l-1-2-0,stone]
SHOP_methodplace-block-abstract-1_9_precondition[l-1-2-0]
placeblock[l-1-2-0,stone]
SHOP_methodbuild-wall-2_2_precondition[n4,n3,l-2-4-0,l-3-4-0]
build-row-3[?len2=n4,?d=s,?t=stone,?loc1=l-2-4-0,?len=n5,?loc2=l-2-3-0] @ buildrow[l-2-4-0,n5,s,stone]
SHOP_methodbuild-row-3_8_precondition[s,n4,n5,l-2-4-0,l-2-3-0]
build-row-2[?loc2=l-2-2-0,?d=s,?t=stone,?loc1=l-2-3-0,?len=n4,?len2=n3] @ buildrow[l-2-3-0,n4,s,stone]
SHOP_methodbuild-row-2_7_precondition[l-2-2-0,n4,s,l-2-3-0,n3]
place-block-abstract-1[?loc1=l-2-3-0,?t=stone] @ placeblockabstract[l-2-3-0,stone]
SHOP_methodplace-block-abstract-1_9_precondition[l-2-3-0]
placeblock[l-2-3-0,stone]
build-row-2[?loc2=l-2-1-0,?d=s,?t=stone,?loc1=l-2-2-0,?len=n3,?len2=n2] @ buildrow[l-2-2-0,n3,s,stone]
SHOP_methodbuild-row-2_7_precondition[l-2-1-0,n3,s,l-2-2-0,n2]
place-block-abstract-1[?loc1=l-2-2-0,?t=stone] @ placeblockabstract[l-2-2-0,stone]
SHOP_methodplace-block-abstract-1_9_precondition[l-2-2-0]
placeblock[l-2-2-0,stone]
build-row-2[?loc2=l-2-0-0,?d=s,?t=stone,?loc1=l-2-1-0,?len=n2,?len2=n1] @ buildrow[l-2-1-0,n2,s,stone]
SHOP_methodbuild-row-2_7_precondition[l-2-0-0,n2,s,l-2-1-0,n1]
place-block-abstract-1[?loc1=l-2-1-0,?t=stone] @ placeblockabstract[l-2-1-0,stone]
SHOP_methodplace-block-abstract-1_9_precondition[l-2-1-0]
placeblock[l-2-1-0,stone]
SHOP_methodbuild-row-1_6_precondition[n1]
place-block-abstract-2[?loc1=l-2-0-0,?t=stone] @ placeblockabstract[l-2-0-0,stone]
SHOP_methodplace-block-abstract-2_10_precondition[l-2-0-0,stone]
place-block-abstract-2[?loc1=l-2-4-0,?t=stone] @ placeblockabstract[l-2-4-0,stone]
SHOP_methodplace-block-abstract-2_10_precondition[l-2-4-0,stone]
SHOP_methodbuild-wall-2_2_precondition[n3,n2,l-3-4-0,l-4-4-0]
build-row-2[?loc2=l-3-3-0,?d=s,?t=stone,?loc1=l-3-4-0,?len=n5,?len2=n4] @ buildrow[l-3-4-0,n5,s,stone]
SHOP_methodbuild-row-2_7_precondition[l-3-3-0,n5,s,l-3-4-0,n4]
place-block-abstract-2[?loc1=l-3-4-0,?t=stone] @ placeblockabstract[l-3-4-0,stone]
SHOP_methodplace-block-abstract-2_10_precondition[l-3-4-0,stone]
build-row-2[?loc2=l-3-2-0,?d=s,?t=stone,?loc1=l-3-3-0,?len=n4,?len2=n3] @ buildrow[l-3-3-0,n4,s,stone]
SHOP_methodbuild-row-2_7_precondition[l-3-2-0,n4,s,l-3-3-0,n3]
place-block-abstract-1[?loc1=l-3-3-0,?t=stone] @ placeblockabstract[l-3-3-0,stone]
SHOP_methodplace-block-abstract-1_9_precondition[l-3-3-0]
placeblock[l-3-3-0,stone]
build-row-2[?loc2=l-3-1-0,?d=s,?t=stone,?loc1=l-3-2-0,?len=n3,?len2=n2] @ buildrow[l-3-2-0,n3,s,stone]
SHOP_methodbuild-row-2_7_precondition[l-3-1-0,n3,s,l-3-2-0,n2]
place-block-abstract-1[?loc1=l-3-2-0,?t=stone] @ placeblockabstract[l-3-2-0,stone]
SHOP_methodplace-block-abstract-1_9_precondition[l-3-2-0]
placeblock[l-3-2-0,stone]
build-row-2[?loc2=l-3-0-0,?d=s,?t=stone,?loc1=l-3-1-0,?len=n2,?len2=n1] @ buildrow[l-3-1-0,n2,s,stone]
SHOP_methodbuild-row-2_7_precondition[l-3-0-0,n2,s,l-3-1-0,n1]
place-block-abstract-1[?loc1=l-3-1-0,?t=stone] @ placeblockabstract[l-3-1-0,stone]
SHOP_methodplace-block-abstract-1_9_precondition[l-3-1-0]
placeblock[l-3-1-0,stone]
SHOP_methodbuild-row-1_6_precondition[n1]
place-block-abstract-2[?loc1=l-3-0-0,?t=stone] @ placeblockabstract[l-3-0-0,stone]
SHOP_methodplace-block-abstract-2_10_precondition[l-3-0-0,stone]
SHOP_methodbuild-wall-2_2_precondition[n2,n1,l-4-4-0,l-5-4-0]
build-row-3[?len2=n4,?d=s,?t=stone,?loc1=l-4-4-0,?len=n5,?loc2=l-4-3-0] @ buildrow[l-4-4-0,n5,s,stone]
SHOP_methodbuild-row-3_8_precondition[s,n4,n5,l-4-4-0,l-4-3-0]
build-row-2[?loc2=l-4-2-0,?d=s,?t=stone,?loc1=l-4-3-0,?len=n4,?len2=n3] @ buildrow[l-4-3-0,n4,s,stone]
SHOP_methodbuild-row-2_7_precondition[l-4-2-0,n4,s,l-4-3-0,n3]
place-block-abstract-1[?loc1=l-4-3-0,?t=stone] @ placeblockabstract[l-4-3-0,stone]
SHOP_methodplace-block-abstract-1_9_precondition[l-4-3-0]
placeblock[l-4-3-0,stone]
build-row-2[?loc2=l-4-1-0,?d=s,?t=stone,?loc1=l-4-2-0,?len=n3,?len2=n2] @ buildrow[l-4-2-0,n3,s,stone]
SHOP_methodbuild-row-2_7_precondition[l-4-1-0,n3,s,l-4-2-0,n2]
place-block-abstract-1[?loc1=l-4-2-0,?t=stone] @ placeblockabstract[l-4-2-0,stone]
SHOP_methodplace-block-abstract-1_9_precondition[l-4-2-0]
placeblock[l-4-2-0,stone]
build-row-2[?loc2=l-4-0-0,?d=s,?t=stone,?loc1=l-4-1-0,?len=n2,?len2=n1] @ buildrow[l-4-1-0,n2,s,stone]
SHOP_methodbuild-row-2_7_precondition[l-4-0-0,n2,s,l-4-1-0,n1]
place-block-abstract-1[?loc1=l-4-1-0,?t=stone] @ placeblockabstract[l-4-1-0,stone]
SHOP_methodplace-block-abstract-1_9_precondition[l-4-1-0]
placeblock[l-4-1-0,stone]
SHOP_methodbuild-row-1_6_precondition[n1]
place-block-abstract-2[?loc1=l-4-0-0,?t=stone] @ placeblockabstract[l-4-0-0,stone]
SHOP_methodplace-block-abstract-2_10_precondition[l-4-0-0,stone]
place-block-abstract-2[?loc1=l-4-4-0,?t=stone] @ placeblockabstract[l-4-4-0,stone]
SHOP_methodplace-block-abstract-2_10_precondition[l-4-4-0,stone]
SHOP_methodbuild-wall-1_1_precondition[n1]
build-row-3[?len2=n4,?d=s,?t=stone,?loc1=l-5-4-0,?len=n5,?loc2=l-5-3-0] @ buildrow[l-5-4-0,n5,s,stone]
SHOP_methodbuild-row-3_8_precondition[s,n4,n5,l-5-4-0,l-5-3-0]
build-row-2[?loc2=l-5-2-0,?d=s,?t=stone,?loc1=l-5-3-0,?len=n4,?len2=n3] @ buildrow[l-5-3-0,n4,s,stone]
SHOP_methodbuild-row-2_7_precondition[l-5-2-0,n4,s,l-5-3-0,n3]
place-block-abstract-1[?loc1=l-5-3-0,?t=stone] @ placeblockabstract[l-5-3-0,stone]
SHOP_methodplace-block-abstract-1_9_precondition[l-5-3-0]
placeblock[l-5-3-0,stone]
build-row-2[?loc2=l-5-1-0,?d=s,?t=stone,?loc1=l-5-2-0,?len=n3,?len2=n2] @ buildrow[l-5-2-0,n3,s,stone]
SHOP_methodbuild-row-2_7_precondition[l-5-1-0,n3,s,l-5-2-0,n2]
place-block-abstract-1[?loc1=l-5-2-0,?t=stone] @ placeblockabstract[l-5-2-0,stone]
SHOP_methodplace-block-abstract-1_9_precondition[l-5-2-0]
placeblock[l-5-2-0,stone]
build-row-3[?len2=n1,?d=s,?t=stone,?loc1=l-5-1-0,?len=n2,?loc2=l-5-0-0] @ buildrow[l-5-1-0,n2,s,stone]
SHOP_methodbuild-row-3_8_precondition[s,n1,n2,l-5-1-0,l-5-0-0]
SHOP_methodbuild-row-1_6_precondition[n1]
place-block-abstract-2[?loc1=l-5-0-0,?t=stone] @ placeblockabstract[l-5-0-0,stone]
SHOP_methodplace-block-abstract-2_10_precondition[l-5-0-0,stone]
place-block-abstract-1[?loc1=l-5-1-0,?t=stone] @ placeblockabstract[l-5-1-0,stone]
SHOP_methodplace-block-abstract-1_9_precondition[l-5-1-0]
placeblock[l-5-1-0,stone]
place-block-abstract-2[?loc1=l-5-4-0,?t=stone] @ placeblockabstract[l-5-4-0,stone]
SHOP_methodplace-block-abstract-2_10_precondition[l-5-4-0,stone]
SHOP_methodbuild-door-1_5_precondition[l-1-2-0,l-2-2-0]
remove-block-abstract-2[?t=stone,?loc1=l-1-2-0] @ removeblockabstract[l-1-2-0]
SHOP_methodremove-block-abstract-2_13_precondition[l-1-2-0,stone]
removeblock[l-1-2-0,stone]
remove-block-abstract-2[?t=stone,?loc1=l-2-2-0] @ removeblockabstract[l-2-2-0]
SHOP_methodremove-block-abstract-2_13_precondition[l-2-2-0,stone]
removeblock[l-2-2-0,stone]
SHOP_methodbuild-roof-2_4_precondition[n4,n,l-6-1-0,l-6-0-0,n5]
build-row-2[?loc2=l-6-0-1,?d=e,?t=stone,?loc1=l-6-0-0,?len=n6,?len2=n5] @ buildrow[l-6-0-0,n6,e,stone]
SHOP_methodbuild-row-2_7_precondition[l-6-0-1,n6,e,l-6-0-0,n5]
place-block-abstract-1[?loc1=l-6-0-0,?t=stone] @ placeblockabstract[l-6-0-0,stone]
SHOP_methodplace-block-abstract-1_9_precondition[l-6-0-0]
placeblock[l-6-0-0,stone]
build-row-2[?loc2=l-6-0-2,?d=e,?t=stone,?loc1=l-6-0-1,?len=n5,?len2=n4] @ buildrow[l-6-0-1,n5,e,stone]
SHOP_methodbuild-row-2_7_precondition[l-6-0-2,n5,e,l-6-0-1,n4]
place-block-abstract-1[?loc1=l-6-0-1,?t=stone] @ placeblockabstract[l-6-0-1,stone]
SHOP_methodplace-block-abstract-1_9_precondition[l-6-0-1]
placeblock[l-6-0-1,stone]
build-row-2[?loc2=l-6-0-3,?d=e,?t=stone,?loc1=l-6-0-2,?len=n4,?len2=n3] @ buildrow[l-6-0-2,n4,e,stone]
SHOP_methodbuild-row-2_7_precondition[l-6-0-3,n4,e,l-6-0-2,n3]
place-block-abstract-1[?loc1=l-6-0-2,?t=stone] @ placeblockabstract[l-6-0-2,stone]
SHOP_methodplace-block-abstract-1_9_precondition[l-6-0-2]
placeblock[l-6-0-2,stone]
build-row-2[?loc2=l-6-0-4,?d=e,?t=stone,?loc1=l-6-0-3,?len=n3,?len2=n2] @ buildrow[l-6-0-3,n3,e,stone]
SHOP_methodbuild-row-2_7_precondition[l-6-0-4,n3,e,l-6-0-3,n2]
place-block-abstract-1[?loc1=l-6-0-3,?t=stone] @ placeblockabstract[l-6-0-3,stone]
SHOP_methodplace-block-abstract-1_9_precondition[l-6-0-3]
placeblock[l-6-0-3,stone]
build-row-2[?loc2=l-6-0-5,?d=e,?t=stone,?loc1=l-6-0-4,?len=n2,?len2=n1] @ buildrow[l-6-0-4,n2,e,stone]
SHOP_methodbuild-row-2_7_precondition[l-6-0-5,n2,e,l-6-0-4,n1]
place-block-abstract-1[?loc1=l-6-0-4,?t=stone] @ placeblockabstract[l-6-0-4,stone]
SHOP_methodplace-block-abstract-1_9_precondition[l-6-0-4]
placeblock[l-6-0-4,stone]
SHOP_methodbuild-row-1_6_precondition[n1]
place-block-abstract-1[?loc1=l-6-0-5,?t=stone] @ placeblockabstract[l-6-0-5,stone]
SHOP_methodplace-block-abstract-1_9_precondition[l-6-0-5]
placeblock[l-6-0-5,stone]
SHOP_methodbuild-roof-2_4_precondition[n3,n,l-6-2-0,l-6-1-0,n4]
build-row-2[?loc2=l-6-1-1,?d=e,?t=stone,?loc1=l-6-1-0,?len=n6,?len2=n5] @ buildrow[l-6-1-0,n6,e,stone]
SHOP_methodbuild-row-2_7_precondition[l-6-1-1,n6,e,l-6-1-0,n5]
place-block-abstract-1[?loc1=l-6-1-0,?t=stone] @ placeblockabstract[l-6-1-0,stone]
SHOP_methodplace-block-abstract-1_9_precondition[l-6-1-0]
placeblock[l-6-1-0,stone]
build-row-2[?loc2=l-6-1-2,?d=e,?t=stone,?loc1=l-6-1-1,?len=n5,?len2=n4] @ buildrow[l-6-1-1,n5,e,stone]
SHOP_methodbuild-row-2_7_precondition[l-6-1-2,n5,e,l-6-1-1,n4]
place-block-abstract-1[?loc1=l-6-1-1,?t=stone] @ placeblockabstract[l-6-1-1,stone]
SHOP_methodplace-block-abstract-1_9_precondition[l-6-1-1]
placeblock[l-6-1-1,stone]
build-row-2[?loc2=l-6-1-3,?d=e,?t=stone,?loc1=l-6-1-2,?len=n4,?len2=n3] @ buildrow[l-6-1-2,n4,e,stone]
SHOP_methodbuild-row-2_7_precondition[l-6-1-3,n4,e,l-6-1-2,n3]
place-block-abstract-1[?loc1=l-6-1-2,?t=stone] @ placeblockabstract[l-6-1-2,stone]
SHOP_methodplace-block-abstract-1_9_precondition[l-6-1-2]
placeblock[l-6-1-2,stone]
build-row-2[?loc2=l-6-1-4,?d=e,?t=stone,?loc1=l-6-1-3,?len=n3,?len2=n2] @ buildrow[l-6-1-3,n3,e,stone]
SHOP_methodbuild-row-2_7_precondition[l-6-1-4,n3,e,l-6-1-3,n2]
place-block-abstract-1[?loc1=l-6-1-3,?t=stone] @ placeblockabstract[l-6-1-3,stone]
SHOP_methodplace-block-abstract-1_9_precondition[l-6-1-3]
placeblock[l-6-1-3,stone]
build-row-2[?loc2=l-6-1-5,?d=e,?t=stone,?loc1=l-6-1-4,?len=n2,?len2=n1] @ buildrow[l-6-1-4,n2,e,stone]
SHOP_methodbuild-row-2_7_precondition[l-6-1-5,n2,e,l-6-1-4,n1]
place-block-abstract-1[?loc1=l-6-1-4,?t=stone] @ placeblockabstract[l-6-1-4,stone]
SHOP_methodplace-block-abstract-1_9_precondition[l-6-1-4]
placeblock[l-6-1-4,stone]
SHOP_methodbuild-row-1_6_precondition[n1]
place-block-abstract-1[?loc1=l-6-1-5,?t=stone] @ placeblockabstract[l-6-1-5,stone]
SHOP_methodplace-block-abstract-1_9_precondition[l-6-1-5]
placeblock[l-6-1-5,stone]
SHOP_methodbuild-roof-2_4_precondition[n2,n,l-6-3-0,l-6-2-0,n3]
build-row-3[?len2=n5,?d=e,?t=stone,?loc1=l-6-2-0,?len=n6,?loc2=l-6-2-1] @ buildrow[l-6-2-0,n6,e,stone]
SHOP_methodbuild-row-3_8_precondition[e,n5,n6,l-6-2-0,l-6-2-1]
build-row-3[?len2=n4,?d=e,?t=stone,?loc1=l-6-2-1,?len=n5,?loc2=l-6-2-2] @ buildrow[l-6-2-1,n5,e,stone]
SHOP_methodbuild-row-3_8_precondition[e,n4,n5,l-6-2-1,l-6-2-2]
build-row-2[?loc2=l-6-2-3,?d=e,?t=stone,?loc1=l-6-2-2,?len=n4,?len2=n3] @ buildrow[l-6-2-2,n4,e,stone]
SHOP_methodbuild-row-2_7_precondition[l-6-2-3,n4,e,l-6-2-2,n3]
place-block-abstract-1[?loc1=l-6-2-2,?t=stone] @ placeblockabstract[l-6-2-2,stone]
SHOP_methodplace-block-abstract-1_9_precondition[l-6-2-2]
placeblock[l-6-2-2,stone]
build-row-2[?loc2=l-6-2-4,?d=e,?t=stone,?loc1=l-6-2-3,?len=n3,?len2=n2] @ buildrow[l-6-2-3,n3,e,stone]
SHOP_methodbuild-row-2_7_precondition[l-6-2-4,n3,e,l-6-2-3,n2]
place-block-abstract-1[?loc1=l-6-2-3,?t=stone] @ placeblockabstract[l-6-2-3,stone]
SHOP_methodplace-block-abstract-1_9_precondition[l-6-2-3]
placeblock[l-6-2-3,stone]
build-row-2[?loc2=l-6-2-5,?d=e,?t=stone,?loc1=l-6-2-4,?len=n2,?len2=n1] @ buildrow[l-6-2-4,n2,e,stone]
SHOP_methodbuild-row-2_7_precondition[l-6-2-5,n2,e,l-6-2-4,n1]
place-block-abstract-1[?loc1=l-6-2-4,?t=stone] @ placeblockabstract[l-6-2-4,stone]
SHOP_methodplace-block-abstract-1_9_precondition[l-6-2-4]
placeblock[l-6-2-4,stone]
SHOP_methodbuild-row-1_6_precondition[n1]
place-block-abstract-1[?loc1=l-6-2-5,?t=stone] @ placeblockabstract[l-6-2-5,stone]
SHOP_methodplace-block-abstract-1_9_precondition[l-6-2-5]
placeblock[l-6-2-5,stone]
place-block-abstract-1[?loc1=l-6-2-1,?t=stone] @ placeblockabstract[l-6-2-1,stone]
SHOP_methodplace-block-abstract-1_9_precondition[l-6-2-1]
placeblock[l-6-2-1,stone]
place-block-abstract-1[?loc1=l-6-2-0,?t=stone] @ placeblockabstract[l-6-2-0,stone]
SHOP_methodplace-block-abstract-1_9_precondition[l-6-2-0]
placeblock[l-6-2-0,stone]
SHOP_methodbuild-roof-2_4_precondition[n1,n,l-6-4-0,l-6-3-0,n2]
build-row-2[?loc2=l-6-3-1,?d=e,?t=stone,?loc1=l-6-3-0,?len=n6,?len2=n5] @ buildrow[l-6-3-0,n6,e,stone]
SHOP_methodbuild-row-2_7_precondition[l-6-3-1,n6,e,l-6-3-0,n5]
place-block-abstract-1[?loc1=l-6-3-0,?t=stone] @ placeblockabstract[l-6-3-0,stone]
SHOP_methodplace-block-abstract-1_9_precondition[l-6-3-0]
placeblock[l-6-3-0,stone]
build-row-2[?loc2=l-6-3-2,?d=e,?t=stone,?loc1=l-6-3-1,?len=n5,?len2=n4] @ buildrow[l-6-3-1,n5,e,stone]
SHOP_methodbuild-row-2_7_precondition[l-6-3-2,n5,e,l-6-3-1,n4]
place-block-abstract-1[?loc1=l-6-3-1,?t=stone] @ placeblockabstract[l-6-3-1,stone]
SHOP_methodplace-block-abstract-1_9_precondition[l-6-3-1]
placeblock[l-6-3-1,stone]
build-row-2[?loc2=l-6-3-3,?d=e,?t=stone,?loc1=l-6-3-2,?len=n4,?len2=n3] @ buildrow[l-6-3-2,n4,e,stone]
SHOP_methodbuild-row-2_7_precondition[l-6-3-3,n4,e,l-6-3-2,n3]
place-block-abstract-1[?loc1=l-6-3-2,?t=stone] @ placeblockabstract[l-6-3-2,stone]
SHOP_methodplace-block-abstract-1_9_precondition[l-6-3-2]
placeblock[l-6-3-2,stone]
build-row-2[?loc2=l-6-3-4,?d=e,?t=stone,?loc1=l-6-3-3,?len=n3,?len2=n2] @ buildrow[l-6-3-3,n3,e,stone]
SHOP_methodbuild-row-2_7_precondition[l-6-3-4,n3,e,l-6-3-3,n2]
place-block-abstract-1[?loc1=l-6-3-3,?t=stone] @ placeblockabstract[l-6-3-3,stone]
SHOP_methodplace-block-abstract-1_9_precondition[l-6-3-3]
placeblock[l-6-3-3,stone]
build-row-2[?loc2=l-6-3-5,?d=e,?t=stone,?loc1=l-6-3-4,?len=n2,?len2=n1] @ buildrow[l-6-3-4,n2,e,stone]
SHOP_methodbuild-row-2_7_precondition[l-6-3-5,n2,e,l-6-3-4,n1]
place-block-abstract-1[?loc1=l-6-3-4,?t=stone] @ placeblockabstract[l-6-3-4,stone]
SHOP_methodplace-block-abstract-1_9_precondition[l-6-3-4]
placeblock[l-6-3-4,stone]
SHOP_methodbuild-row-1_6_precondition[n1]
place-block-abstract-1[?loc1=l-6-3-5,?t=stone] @ placeblockabstract[l-6-3-5,stone]
SHOP_methodplace-block-abstract-1_9_precondition[l-6-3-5]
placeblock[l-6-3-5,stone]
SHOP_methodbuild-roof-1_3_precondition[n1]
build-row-2[?loc2=l-6-4-1,?d=e,?t=stone,?loc1=l-6-4-0,?len=n6,?len2=n5] @ buildrow[l-6-4-0,n6,e,stone]
SHOP_methodbuild-row-2_7_precondition[l-6-4-1,n6,e,l-6-4-0,n5]
place-block-abstract-1[?loc1=l-6-4-0,?t=stone] @ placeblockabstract[l-6-4-0,stone]
SHOP_methodplace-block-abstract-1_9_precondition[l-6-4-0]
placeblock[l-6-4-0,stone]
build-row-2[?loc2=l-6-4-2,?d=e,?t=stone,?loc1=l-6-4-1,?len=n5,?len2=n4] @ buildrow[l-6-4-1,n5,e,stone]
SHOP_methodbuild-row-2_7_precondition[l-6-4-2,n5,e,l-6-4-1,n4]
place-block-abstract-1[?loc1=l-6-4-1,?t=stone] @ placeblockabstract[l-6-4-1,stone]
SHOP_methodplace-block-abstract-1_9_precondition[l-6-4-1]
placeblock[l-6-4-1,stone]
build-row-2[?loc2=l-6-4-3,?d=e,?t=stone,?loc1=l-6-4-2,?len=n4,?len2=n3] @ buildrow[l-6-4-2,n4,e,stone]
SHOP_methodbuild-row-2_7_precondition[l-6-4-3,n4,e,l-6-4-2,n3]
place-block-abstract-1[?loc1=l-6-4-2,?t=stone] @ placeblockabstract[l-6-4-2,stone]
SHOP_methodplace-block-abstract-1_9_precondition[l-6-4-2]
placeblock[l-6-4-2,stone]
build-row-2[?loc2=l-6-4-4,?d=e,?t=stone,?loc1=l-6-4-3,?len=n3,?len2=n2] @ buildrow[l-6-4-3,n3,e,stone]
SHOP_methodbuild-row-2_7_precondition[l-6-4-4,n3,e,l-6-4-3,n2]
place-block-abstract-1[?loc1=l-6-4-3,?t=stone] @ placeblockabstract[l-6-4-3,stone]
SHOP_methodplace-block-abstract-1_9_precondition[l-6-4-3]
placeblock[l-6-4-3,stone]
build-row-2[?loc2=l-6-4-5,?d=e,?t=stone,?loc1=l-6-4-4,?len=n2,?len2=n1] @ buildrow[l-6-4-4,n2,e,stone]
SHOP_methodbuild-row-2_7_precondition[l-6-4-5,n2,e,l-6-4-4,n1]
place-block-abstract-1[?loc1=l-6-4-4,?t=stone] @ placeblockabstract[l-6-4-4,stone]
SHOP_methodplace-block-abstract-1_9_precondition[l-6-4-4]
placeblock[l-6-4-4,stone]
SHOP_methodbuild-row-1_6_precondition[n1]
place-block-abstract-1[?loc1=l-6-4-5,?t=stone] @ placeblockabstract[l-6-4-5,stone]
SHOP_methodplace-block-abstract-1_9_precondition[l-6-4-5]
placeblock[l-6-4-5,stone]
It contains 688 modifications, including 430 actions.
Panda says: SOLUTION
============ global ============
randomseed     = 42
peak memory    = 2807942856
planner result = SOLUTION
============ properties ============
acyclic                  = true
mostly acyclic           = true
regular                  = false
tail recursive           = true
totally ordered          = true
last task in all methods = true
============ problem ============
number of constants                  = 0
number of predicates                 = 360
number of actions                    = 1096
number of abstract actions           = 238
number of primitive actions          = 858
number of methods                    = 595
number of primitive shop actions     = 618
number of primitive non-shop actions = 240
size of largest method               = 53
average method size                  = 2
============ progression ============
status                 = solved
aStar                  = 1
heuristic              = hhRelataxedComposition-with-hFF-EQ
numSearchNodes         = 245776
numPrimTasks           = 430
numShopTasks           = 0
numDecompositions      = 258
findShortestPlan       = 0
foundShortestPlanAfter = 15783
foundFirstPlanAfter    = 15783
foundPlans             = 1

----------------- TIMINGS -----------------
============ total ============
total = 20854
============ parsing ============
total                         = 1276
file parser                   = 422
sort expansion                = 352
closed world assumption       = 265
inherit preconditions         = 0
shop methods                  = 11
eliminate identical variables = 173
strip domain of hybridity     = 2
flatten formula               = 51
============ preprocessing ============
total                                      = 3639
compile negative preconditions             = 73
compile unit methods                       = 0
split parameter                            = 58
expand choiceless abstract tasks           = 228
compile methods with identical tasks       = 0
removing unnecessary predicates            = 74
lifted reachabiltiy analysis               = 126
grounded planning graph analysis           = 697
grounded task decomposition graph analysis = 2289
grounding                                  = 83
create artificial top task                 = 2
============ progression ============
searchTime = 15783

#1 "30 problem:05:number of primitive actions"="858";"30 problem:01:number of constants"="0";"30 problem:04:number of abstract actions"="238";"02 properties:04:tail recursive"="true";"30 progression:04:numSearchNodes"="245776";"30 progression:06:numPrimTasks"="430";"00 global:80:peak memory"="2807942856";"30 progression:93:foundFirstPlanAfter"="15783";"02 properties:02:mostly acyclic"="true";"30 problem:06:number of methods"="595";"30 problem:07:number of primitive shop actions"="618";"02 properties:05:totally ordered"="true";"02 properties:06:last task in all methods"="true";"30 problem:03:number of actions"="1096";"30 problem:08:number of primitive non-shop actions"="240";"30 problem:02:number of predicates"="360";"30 progression:01:status"="solved";"30 progression:03:heuristic"="hhRelataxedComposition-with-hFF-EQ";"30 problem:10:average method size"="2";"02 properties:03:regular"="false";"30 problem:09:size of largest method"="53";"30 progression:08:numDecompositions"="258";"00 global:90:planner result"="SOLUTION";"02 properties:01:acyclic"="true";"30 progression:02:aStar"="1";"30 progression:92:foundShortestPlanAfter"="15783";"00 global:02:randomseed"="42";"30 progression:07:numShopTasks"="0";"30 progression:91:findShortestPlan"="0";"30 progression:94:foundPlans"="1";"01 parsing:01:file parser"="422";"01 parsing:08:flatten formula"="51";"02 preprocessing:07:compile methods with identical tasks"="0";"01 parsing:07:strip domain of hybridity"="2";"02 preprocessing:08:removing unnecessary predicates"="74";"01 parsing:03:closed world assumption"="265";"02 preprocessing:11:lifted reachabiltiy analysis"="126";"01 parsing:02:sort expansion"="352";"01 parsing:00:total"="1276";"30 progression:01:searchTime"="15783";"01 parsing:04:inherit preconditions"="0";"02 preprocessing:01:compile negative preconditions"="73";"00 total:00:total"="20854";"02 preprocessing:12:grounded planning graph analysis"="697";"02 preprocessing:02:compile unit methods"="0";"02 preprocessing:23:grounded task decomposition graph analysis"="2289";"02 preprocessing:04:split parameter"="58";"01 parsing:05:shop methods"="11";"01 parsing:06:eliminate identical variables"="173";"02 preprocessing:05:expand choiceless abstract tasks"="228";"02 preprocessing:00:total"="3639";"02 preprocessing:99:create artificial top task"="2";"02 preprocessing:84:grounding"="83"
SOLUTION SEQUENCE
0: SHOP_methodbuild-wall-2_2_precondition(n5,n4,l-1-0-0,l-2-0-0)
1: SHOP_methodbuild-row-3_8_precondition(e,n5,n6,l-1-0-0,l-1-0-1)
2: SHOP_methodbuild-row-2_7_precondition(l-1-0-2,n5,e,l-1-0-1,n4)
3: SHOP_methodplace-block-abstract-1_9_precondition(l-1-0-1)
4: placeblock(l-1-0-1,stone)
5: SHOP_methodbuild-row-2_7_precondition(l-1-0-3,n4,e,l-1-0-2,n3)
6: SHOP_methodplace-block-abstract-1_9_precondition(l-1-0-2)
7: placeblock(l-1-0-2,stone)
8: SHOP_methodbuild-row-3_8_precondition(e,n2,n3,l-1-0-3,l-1-0-4)
9: SHOP_methodbuild-row-2_7_precondition(l-1-0-5,n2,e,l-1-0-4,n1)
10: SHOP_methodplace-block-abstract-1_9_precondition(l-1-0-4)
11: placeblock(l-1-0-4,stone)
12: SHOP_methodbuild-row-1_6_precondition(n1)
13: SHOP_methodplace-block-abstract-1_9_precondition(l-1-0-5)
14: placeblock(l-1-0-5,stone)
15: SHOP_methodplace-block-abstract-1_9_precondition(l-1-0-3)
16: placeblock(l-1-0-3,stone)
17: SHOP_methodplace-block-abstract-1_9_precondition(l-1-0-0)
18: placeblock(l-1-0-0,stone)
19: SHOP_methodbuild-wall-2_2_precondition(n4,n3,l-2-0-0,l-3-0-0)
20: SHOP_methodbuild-row-3_8_precondition(e,n5,n6,l-2-0-0,l-2-0-1)
21: SHOP_methodbuild-row-2_7_precondition(l-2-0-2,n5,e,l-2-0-1,n4)
22: SHOP_methodplace-block-abstract-1_9_precondition(l-2-0-1)
23: placeblock(l-2-0-1,stone)
24: SHOP_methodbuild-row-2_7_precondition(l-2-0-3,n4,e,l-2-0-2,n3)
25: SHOP_methodplace-block-abstract-1_9_precondition(l-2-0-2)
26: placeblock(l-2-0-2,stone)
27: SHOP_methodbuild-row-2_7_precondition(l-2-0-4,n3,e,l-2-0-3,n2)
28: SHOP_methodplace-block-abstract-1_9_precondition(l-2-0-3)
29: placeblock(l-2-0-3,stone)
30: SHOP_methodbuild-row-2_7_precondition(l-2-0-5,n2,e,l-2-0-4,n1)
31: SHOP_methodplace-block-abstract-1_9_precondition(l-2-0-4)
32: placeblock(l-2-0-4,stone)
33: SHOP_methodbuild-row-1_6_precondition(n1)
34: SHOP_methodplace-block-abstract-1_9_precondition(l-2-0-5)
35: placeblock(l-2-0-5,stone)
36: SHOP_methodplace-block-abstract-1_9_precondition(l-2-0-0)
37: placeblock(l-2-0-0,stone)
38: SHOP_methodbuild-wall-2_2_precondition(n3,n2,l-3-0-0,l-4-0-0)
39: SHOP_methodbuild-row-3_8_precondition(e,n5,n6,l-3-0-0,l-3-0-1)
40: SHOP_methodbuild-row-2_7_precondition(l-3-0-2,n5,e,l-3-0-1,n4)
41: SHOP_methodplace-block-abstract-1_9_precondition(l-3-0-1)
42: placeblock(l-3-0-1,stone)
43: SHOP_methodbuild-row-3_8_precondition(e,n3,n4,l-3-0-2,l-3-0-3)
44: SHOP_methodbuild-row-2_7_precondition(l-3-0-4,n3,e,l-3-0-3,n2)
45: SHOP_methodplace-block-abstract-1_9_precondition(l-3-0-3)
46: placeblock(l-3-0-3,stone)
47: SHOP_methodbuild-row-2_7_precondition(l-3-0-5,n2,e,l-3-0-4,n1)
48: SHOP_methodplace-block-abstract-1_9_precondition(l-3-0-4)
49: placeblock(l-3-0-4,stone)
50: SHOP_methodbuild-row-1_6_precondition(n1)
51: SHOP_methodplace-block-abstract-1_9_precondition(l-3-0-5)
52: placeblock(l-3-0-5,stone)
53: SHOP_methodplace-block-abstract-1_9_precondition(l-3-0-2)
54: placeblock(l-3-0-2,stone)
55: SHOP_methodplace-block-abstract-1_9_precondition(l-3-0-0)
56: placeblock(l-3-0-0,stone)
57: SHOP_methodbuild-wall-2_2_precondition(n2,n1,l-4-0-0,l-5-0-0)
58: SHOP_methodbuild-row-3_8_precondition(e,n5,n6,l-4-0-0,l-4-0-1)
59: SHOP_methodbuild-row-2_7_precondition(l-4-0-2,n5,e,l-4-0-1,n4)
60: SHOP_methodplace-block-abstract-1_9_precondition(l-4-0-1)
61: placeblock(l-4-0-1,stone)
62: SHOP_methodbuild-row-3_8_precondition(e,n3,n4,l-4-0-2,l-4-0-3)
63: SHOP_methodbuild-row-2_7_precondition(l-4-0-4,n3,e,l-4-0-3,n2)
64: SHOP_methodplace-block-abstract-1_9_precondition(l-4-0-3)
65: placeblock(l-4-0-3,stone)
66: SHOP_methodbuild-row-2_7_precondition(l-4-0-5,n2,e,l-4-0-4,n1)
67: SHOP_methodplace-block-abstract-1_9_precondition(l-4-0-4)
68: placeblock(l-4-0-4,stone)
69: SHOP_methodbuild-row-1_6_precondition(n1)
70: SHOP_methodplace-block-abstract-1_9_precondition(l-4-0-5)
71: placeblock(l-4-0-5,stone)
72: SHOP_methodplace-block-abstract-1_9_precondition(l-4-0-2)
73: placeblock(l-4-0-2,stone)
74: SHOP_methodplace-block-abstract-1_9_precondition(l-4-0-0)
75: placeblock(l-4-0-0,stone)
76: SHOP_methodbuild-wall-1_1_precondition(n1)
77: SHOP_methodbuild-row-3_8_precondition(e,n5,n6,l-5-0-0,l-5-0-1)
78: SHOP_methodbuild-row-3_8_precondition(e,n4,n5,l-5-0-1,l-5-0-2)
79: SHOP_methodbuild-row-2_7_precondition(l-5-0-3,n4,e,l-5-0-2,n3)
80: SHOP_methodplace-block-abstract-1_9_precondition(l-5-0-2)
81: placeblock(l-5-0-2,stone)
82: SHOP_methodbuild-row-2_7_precondition(l-5-0-4,n3,e,l-5-0-3,n2)
83: SHOP_methodplace-block-abstract-1_9_precondition(l-5-0-3)
84: placeblock(l-5-0-3,stone)
85: SHOP_methodbuild-row-2_7_precondition(l-5-0-5,n2,e,l-5-0-4,n1)
86: SHOP_methodplace-block-abstract-1_9_precondition(l-5-0-4)
87: placeblock(l-5-0-4,stone)
88: SHOP_methodbuild-row-1_6_precondition(n1)
89: SHOP_methodplace-block-abstract-1_9_precondition(l-5-0-5)
90: placeblock(l-5-0-5,stone)
91: SHOP_methodplace-block-abstract-1_9_precondition(l-5-0-1)
92: placeblock(l-5-0-1,stone)
93: SHOP_methodplace-block-abstract-1_9_precondition(l-5-0-0)
94: placeblock(l-5-0-0,stone)
95: SHOP_methodbuild-wall-2_2_precondition(n5,n4,l-1-0-5,l-2-0-5)
96: SHOP_methodbuild-row-2_7_precondition(l-1-1-5,n5,n,l-1-0-5,n4)
97: SHOP_methodplace-block-abstract-2_10_precondition(l-1-0-5,stone)
98: SHOP_methodbuild-row-2_7_precondition(l-1-2-5,n4,n,l-1-1-5,n3)
99: SHOP_methodplace-block-abstract-1_9_precondition(l-1-1-5)
100: placeblock(l-1-1-5,stone)
101: SHOP_methodbuild-row-2_7_precondition(l-1-3-5,n3,n,l-1-2-5,n2)
102: SHOP_methodplace-block-abstract-1_9_precondition(l-1-2-5)
103: placeblock(l-1-2-5,stone)
104: SHOP_methodbuild-row-2_7_precondition(l-1-4-5,n2,n,l-1-3-5,n1)
105: SHOP_methodplace-block-abstract-1_9_precondition(l-1-3-5)
106: placeblock(l-1-3-5,stone)
107: SHOP_methodbuild-row-1_6_precondition(n1)
108: SHOP_methodplace-block-abstract-1_9_precondition(l-1-4-5)
109: placeblock(l-1-4-5,stone)
110: SHOP_methodbuild-wall-2_2_precondition(n4,n3,l-2-0-5,l-3-0-5)
111: SHOP_methodbuild-row-3_8_precondition(n,n4,n5,l-2-0-5,l-2-1-5)
112: SHOP_methodbuild-row-2_7_precondition(l-2-2-5,n4,n,l-2-1-5,n3)
113: SHOP_methodplace-block-abstract-1_9_precondition(l-2-1-5)
114: placeblock(l-2-1-5,stone)
115: SHOP_methodbuild-row-2_7_precondition(l-2-3-5,n3,n,l-2-2-5,n2)
116: SHOP_methodplace-block-abstract-1_9_precondition(l-2-2-5)
117: placeblock(l-2-2-5,stone)
118: SHOP_methodbuild-row-2_7_precondition(l-2-4-5,n2,n,l-2-3-5,n1)
119: SHOP_methodplace-block-abstract-1_9_precondition(l-2-3-5)
120: placeblock(l-2-3-5,stone)
121: SHOP_methodbuild-row-1_6_precondition(n1)
122: SHOP_methodplace-block-abstract-1_9_precondition(l-2-4-5)
123: placeblock(l-2-4-5,stone)
124: SHOP_methodplace-block-abstract-2_10_precondition(l-2-0-5,stone)
125: SHOP_methodbuild-wall-2_2_precondition(n3,n2,l-3-0-5,l-4-0-5)
126: SHOP_methodbuild-row-2_7_precondition(l-3-1-5,n5,n,l-3-0-5,n4)
127: SHOP_methodplace-block-abstract-2_10_precondition(l-3-0-5,stone)
128: SHOP_methodbuild-row-2_7_precondition(l-3-2-5,n4,n,l-3-1-5,n3)
129: SHOP_methodplace-block-abstract-1_9_precondition(l-3-1-5)
130: placeblock(l-3-1-5,stone)
131: SHOP_methodbuild-row-2_7_precondition(l-3-3-5,n3,n,l-3-2-5,n2)
132: SHOP_methodplace-block-abstract-1_9_precondition(l-3-2-5)
133: placeblock(l-3-2-5,stone)
134: SHOP_methodbuild-row-2_7_precondition(l-3-4-5,n2,n,l-3-3-5,n1)
135: SHOP_methodplace-block-abstract-1_9_precondition(l-3-3-5)
136: placeblock(l-3-3-5,stone)
137: SHOP_methodbuild-row-1_6_precondition(n1)
138: SHOP_methodplace-block-abstract-1_9_precondition(l-3-4-5)
139: placeblock(l-3-4-5,stone)
140: SHOP_methodbuild-wall-2_2_precondition(n2,n1,l-4-0-5,l-5-0-5)
141: SHOP_methodbuild-row-3_8_precondition(n,n4,n5,l-4-0-5,l-4-1-5)
142: SHOP_methodbuild-row-2_7_precondition(l-4-2-5,n4,n,l-4-1-5,n3)
143: SHOP_methodplace-block-abstract-1_9_precondition(l-4-1-5)
144: placeblock(l-4-1-5,stone)
145: SHOP_methodbuild-row-2_7_precondition(l-4-3-5,n3,n,l-4-2-5,n2)
146: SHOP_methodplace-block-abstract-1_9_precondition(l-4-2-5)
147: placeblock(l-4-2-5,stone)
148: SHOP_methodbuild-row-2_7_precondition(l-4-4-5,n2,n,l-4-3-5,n1)
149: SHOP_methodplace-block-abstract-1_9_precondition(l-4-3-5)
150: placeblock(l-4-3-5,stone)
151: SHOP_methodbuild-row-1_6_precondition(n1)
152: SHOP_methodplace-block-abstract-1_9_precondition(l-4-4-5)
153: placeblock(l-4-4-5,stone)
154: SHOP_methodplace-block-abstract-2_10_precondition(l-4-0-5,stone)
155: SHOP_methodbuild-wall-1_1_precondition(n1)
156: SHOP_methodbuild-row-3_8_precondition(n,n4,n5,l-5-0-5,l-5-1-5)
157: SHOP_methodbuild-row-2_7_precondition(l-5-2-5,n4,n,l-5-1-5,n3)
158: SHOP_methodplace-block-abstract-1_9_precondition(l-5-1-5)
159: placeblock(l-5-1-5,stone)
160: SHOP_methodbuild-row-2_7_precondition(l-5-3-5,n3,n,l-5-2-5,n2)
161: SHOP_methodplace-block-abstract-1_9_precondition(l-5-2-5)
162: placeblock(l-5-2-5,stone)
163: SHOP_methodbuild-row-2_7_precondition(l-5-4-5,n2,n,l-5-3-5,n1)
164: SHOP_methodplace-block-abstract-1_9_precondition(l-5-3-5)
165: placeblock(l-5-3-5,stone)
166: SHOP_methodbuild-row-1_6_precondition(n1)
167: SHOP_methodplace-block-abstract-1_9_precondition(l-5-4-5)
168: placeblock(l-5-4-5,stone)
169: SHOP_methodplace-block-abstract-2_10_precondition(l-5-0-5,stone)
170: SHOP_methodbuild-wall-2_2_precondition(n5,n4,l-1-4-5,l-2-4-5)
171: SHOP_methodbuild-row-2_7_precondition(l-1-4-4,n6,w,l-1-4-5,n5)
172: SHOP_methodplace-block-abstract-2_10_precondition(l-1-4-5,stone)
173: SHOP_methodbuild-row-2_7_precondition(l-1-4-3,n5,w,l-1-4-4,n4)
174: SHOP_methodplace-block-abstract-1_9_precondition(l-1-4-4)
175: placeblock(l-1-4-4,stone)
176: SHOP_methodbuild-row-2_7_precondition(l-1-4-2,n4,w,l-1-4-3,n3)
177: SHOP_methodplace-block-abstract-1_9_precondition(l-1-4-3)
178: placeblock(l-1-4-3,stone)
179: SHOP_methodbuild-row-2_7_precondition(l-1-4-1,n3,w,l-1-4-2,n2)
180: SHOP_methodplace-block-abstract-1_9_precondition(l-1-4-2)
181: placeblock(l-1-4-2,stone)
182: SHOP_methodbuild-row-2_7_precondition(l-1-4-0,n2,w,l-1-4-1,n1)
183: SHOP_methodplace-block-abstract-1_9_precondition(l-1-4-1)
184: placeblock(l-1-4-1,stone)
185: SHOP_methodbuild-row-1_6_precondition(n1)
186: SHOP_methodplace-block-abstract-1_9_precondition(l-1-4-0)
187: placeblock(l-1-4-0,stone)
188: SHOP_methodbuild-wall-2_2_precondition(n4,n3,l-2-4-5,l-3-4-5)
189: SHOP_methodbuild-row-3_8_precondition(w,n5,n6,l-2-4-5,l-2-4-4)
190: SHOP_methodbuild-row-2_7_precondition(l-2-4-3,n5,w,l-2-4-4,n4)
191: SHOP_methodplace-block-abstract-1_9_precondition(l-2-4-4)
192: placeblock(l-2-4-4,stone)
193: SHOP_methodbuild-row-2_7_precondition(l-2-4-2,n4,w,l-2-4-3,n3)
194: SHOP_methodplace-block-abstract-1_9_precondition(l-2-4-3)
195: placeblock(l-2-4-3,stone)
196: SHOP_methodbuild-row-2_7_precondition(l-2-4-1,n3,w,l-2-4-2,n2)
197: SHOP_methodplace-block-abstract-1_9_precondition(l-2-4-2)
198: placeblock(l-2-4-2,stone)
199: SHOP_methodbuild-row-2_7_precondition(l-2-4-0,n2,w,l-2-4-1,n1)
200: SHOP_methodplace-block-abstract-1_9_precondition(l-2-4-1)
201: placeblock(l-2-4-1,stone)
202: SHOP_methodbuild-row-1_6_precondition(n1)
203: SHOP_methodplace-block-abstract-1_9_precondition(l-2-4-0)
204: placeblock(l-2-4-0,stone)
205: SHOP_methodplace-block-abstract-2_10_precondition(l-2-4-5,stone)
206: SHOP_methodbuild-wall-2_2_precondition(n3,n2,l-3-4-5,l-4-4-5)
207: SHOP_methodbuild-row-3_8_precondition(w,n5,n6,l-3-4-5,l-3-4-4)
208: SHOP_methodbuild-row-2_7_precondition(l-3-4-3,n5,w,l-3-4-4,n4)
209: SHOP_methodplace-block-abstract-1_9_precondition(l-3-4-4)
210: placeblock(l-3-4-4,stone)
211: SHOP_methodbuild-row-2_7_precondition(l-3-4-2,n4,w,l-3-4-3,n3)
212: SHOP_methodplace-block-abstract-1_9_precondition(l-3-4-3)
213: placeblock(l-3-4-3,stone)
214: SHOP_methodbuild-row-2_7_precondition(l-3-4-1,n3,w,l-3-4-2,n2)
215: SHOP_methodplace-block-abstract-1_9_precondition(l-3-4-2)
216: placeblock(l-3-4-2,stone)
217: SHOP_methodbuild-row-2_7_precondition(l-3-4-0,n2,w,l-3-4-1,n1)
218: SHOP_methodplace-block-abstract-1_9_precondition(l-3-4-1)
219: placeblock(l-3-4-1,stone)
220: SHOP_methodbuild-row-1_6_precondition(n1)
221: SHOP_methodplace-block-abstract-1_9_precondition(l-3-4-0)
222: placeblock(l-3-4-0,stone)
223: SHOP_methodplace-block-abstract-2_10_precondition(l-3-4-5,stone)
224: SHOP_methodbuild-wall-2_2_precondition(n2,n1,l-4-4-5,l-5-4-5)
225: SHOP_methodbuild-row-3_8_precondition(w,n5,n6,l-4-4-5,l-4-4-4)
226: SHOP_methodbuild-row-2_7_precondition(l-4-4-3,n5,w,l-4-4-4,n4)
227: SHOP_methodplace-block-abstract-1_9_precondition(l-4-4-4)
228: placeblock(l-4-4-4,stone)
229: SHOP_methodbuild-row-2_7_precondition(l-4-4-2,n4,w,l-4-4-3,n3)
230: SHOP_methodplace-block-abstract-1_9_precondition(l-4-4-3)
231: placeblock(l-4-4-3,stone)
232: SHOP_methodbuild-row-2_7_precondition(l-4-4-1,n3,w,l-4-4-2,n2)
233: SHOP_methodplace-block-abstract-1_9_precondition(l-4-4-2)
234: placeblock(l-4-4-2,stone)
235: SHOP_methodbuild-row-2_7_precondition(l-4-4-0,n2,w,l-4-4-1,n1)
236: SHOP_methodplace-block-abstract-1_9_precondition(l-4-4-1)
237: placeblock(l-4-4-1,stone)
238: SHOP_methodbuild-row-1_6_precondition(n1)
239: SHOP_methodplace-block-abstract-1_9_precondition(l-4-4-0)
240: placeblock(l-4-4-0,stone)
241: SHOP_methodplace-block-abstract-2_10_precondition(l-4-4-5,stone)
242: SHOP_methodbuild-wall-1_1_precondition(n1)
243: SHOP_methodbuild-row-3_8_precondition(w,n5,n6,l-5-4-5,l-5-4-4)
244: SHOP_methodbuild-row-3_8_precondition(w,n4,n5,l-5-4-4,l-5-4-3)
245: SHOP_methodbuild-row-2_7_precondition(l-5-4-2,n4,w,l-5-4-3,n3)
246: SHOP_methodplace-block-abstract-1_9_precondition(l-5-4-3)
247: placeblock(l-5-4-3,stone)
248: SHOP_methodbuild-row-2_7_precondition(l-5-4-1,n3,w,l-5-4-2,n2)
249: SHOP_methodplace-block-abstract-1_9_precondition(l-5-4-2)
250: placeblock(l-5-4-2,stone)
251: SHOP_methodbuild-row-2_7_precondition(l-5-4-0,n2,w,l-5-4-1,n1)
252: SHOP_methodplace-block-abstract-1_9_precondition(l-5-4-1)
253: placeblock(l-5-4-1,stone)
254: SHOP_methodbuild-row-1_6_precondition(n1)
255: SHOP_methodplace-block-abstract-1_9_precondition(l-5-4-0)
256: placeblock(l-5-4-0,stone)
257: SHOP_methodplace-block-abstract-1_9_precondition(l-5-4-4)
258: placeblock(l-5-4-4,stone)
259: SHOP_methodplace-block-abstract-2_10_precondition(l-5-4-5,stone)
260: SHOP_methodbuild-wall-2_2_precondition(n5,n4,l-1-4-0,l-2-4-0)
261: SHOP_methodbuild-row-2_7_precondition(l-1-3-0,n5,s,l-1-4-0,n4)
262: SHOP_methodplace-block-abstract-2_10_precondition(l-1-4-0,stone)
263: SHOP_methodbuild-row-2_7_precondition(l-1-2-0,n4,s,l-1-3-0,n3)
264: SHOP_methodplace-block-abstract-1_9_precondition(l-1-3-0)
265: placeblock(l-1-3-0,stone)
266: SHOP_methodbuild-row-3_8_precondition(s,n2,n3,l-1-2-0,l-1-1-0)
267: SHOP_methodbuild-row-3_8_precondition(s,n1,n2,l-1-1-0,l-1-0-0)
268: SHOP_methodbuild-row-1_6_precondition(n1)
269: SHOP_methodplace-block-abstract-2_10_precondition(l-1-0-0,stone)
270: SHOP_methodplace-block-abstract-1_9_precondition(l-1-1-0)
271: placeblock(l-1-1-0,stone)
272: SHOP_methodplace-block-abstract-1_9_precondition(l-1-2-0)
273: placeblock(l-1-2-0,stone)
274: SHOP_methodbuild-wall-2_2_precondition(n4,n3,l-2-4-0,l-3-4-0)
275: SHOP_methodbuild-row-3_8_precondition(s,n4,n5,l-2-4-0,l-2-3-0)
276: SHOP_methodbuild-row-2_7_precondition(l-2-2-0,n4,s,l-2-3-0,n3)
277: SHOP_methodplace-block-abstract-1_9_precondition(l-2-3-0)
278: placeblock(l-2-3-0,stone)
279: SHOP_methodbuild-row-2_7_precondition(l-2-1-0,n3,s,l-2-2-0,n2)
280: SHOP_methodplace-block-abstract-1_9_precondition(l-2-2-0)
281: placeblock(l-2-2-0,stone)
282: SHOP_methodbuild-row-2_7_precondition(l-2-0-0,n2,s,l-2-1-0,n1)
283: SHOP_methodplace-block-abstract-1_9_precondition(l-2-1-0)
284: placeblock(l-2-1-0,stone)
285: SHOP_methodbuild-row-1_6_precondition(n1)
286: SHOP_methodplace-block-abstract-2_10_precondition(l-2-0-0,stone)
287: SHOP_methodplace-block-abstract-2_10_precondition(l-2-4-0,stone)
288: SHOP_methodbuild-wall-2_2_precondition(n3,n2,l-3-4-0,l-4-4-0)
289: SHOP_methodbuild-row-2_7_precondition(l-3-3-0,n5,s,l-3-4-0,n4)
290: SHOP_methodplace-block-abstract-2_10_precondition(l-3-4-0,stone)
291: SHOP_methodbuild-row-2_7_precondition(l-3-2-0,n4,s,l-3-3-0,n3)
292: SHOP_methodplace-block-abstract-1_9_precondition(l-3-3-0)
293: placeblock(l-3-3-0,stone)
294: SHOP_methodbuild-row-2_7_precondition(l-3-1-0,n3,s,l-3-2-0,n2)
295: SHOP_methodplace-block-abstract-1_9_precondition(l-3-2-0)
296: placeblock(l-3-2-0,stone)
297: SHOP_methodbuild-row-2_7_precondition(l-3-0-0,n2,s,l-3-1-0,n1)
298: SHOP_methodplace-block-abstract-1_9_precondition(l-3-1-0)
299: placeblock(l-3-1-0,stone)
300: SHOP_methodbuild-row-1_6_precondition(n1)
301: SHOP_methodplace-block-abstract-2_10_precondition(l-3-0-0,stone)
302: SHOP_methodbuild-wall-2_2_precondition(n2,n1,l-4-4-0,l-5-4-0)
303: SHOP_methodbuild-row-3_8_precondition(s,n4,n5,l-4-4-0,l-4-3-0)
304: SHOP_methodbuild-row-2_7_precondition(l-4-2-0,n4,s,l-4-3-0,n3)
305: SHOP_methodplace-block-abstract-1_9_precondition(l-4-3-0)
306: placeblock(l-4-3-0,stone)
307: SHOP_methodbuild-row-2_7_precondition(l-4-1-0,n3,s,l-4-2-0,n2)
308: SHOP_methodplace-block-abstract-1_9_precondition(l-4-2-0)
309: placeblock(l-4-2-0,stone)
310: SHOP_methodbuild-row-2_7_precondition(l-4-0-0,n2,s,l-4-1-0,n1)
311: SHOP_methodplace-block-abstract-1_9_precondition(l-4-1-0)
312: placeblock(l-4-1-0,stone)
313: SHOP_methodbuild-row-1_6_precondition(n1)
314: SHOP_methodplace-block-abstract-2_10_precondition(l-4-0-0,stone)
315: SHOP_methodplace-block-abstract-2_10_precondition(l-4-4-0,stone)
316: SHOP_methodbuild-wall-1_1_precondition(n1)
317: SHOP_methodbuild-row-3_8_precondition(s,n4,n5,l-5-4-0,l-5-3-0)
318: SHOP_methodbuild-row-2_7_precondition(l-5-2-0,n4,s,l-5-3-0,n3)
319: SHOP_methodplace-block-abstract-1_9_precondition(l-5-3-0)
320: placeblock(l-5-3-0,stone)
321: SHOP_methodbuild-row-2_7_precondition(l-5-1-0,n3,s,l-5-2-0,n2)
322: SHOP_methodplace-block-abstract-1_9_precondition(l-5-2-0)
323: placeblock(l-5-2-0,stone)
324: SHOP_methodbuild-row-3_8_precondition(s,n1,n2,l-5-1-0,l-5-0-0)
325: SHOP_methodbuild-row-1_6_precondition(n1)
326: SHOP_methodplace-block-abstract-2_10_precondition(l-5-0-0,stone)
327: SHOP_methodplace-block-abstract-1_9_precondition(l-5-1-0)
328: placeblock(l-5-1-0,stone)
329: SHOP_methodplace-block-abstract-2_10_precondition(l-5-4-0,stone)
330: SHOP_methodbuild-door-1_5_precondition(l-1-2-0,l-2-2-0)
331: SHOP_methodremove-block-abstract-2_13_precondition(l-1-2-0,stone)
332: removeblock(l-1-2-0,stone)
333: SHOP_methodremove-block-abstract-2_13_precondition(l-2-2-0,stone)
334: removeblock(l-2-2-0,stone)
335: SHOP_methodbuild-roof-2_4_precondition(n4,n,l-6-1-0,l-6-0-0,n5)
336: SHOP_methodbuild-row-2_7_precondition(l-6-0-1,n6,e,l-6-0-0,n5)
337: SHOP_methodplace-block-abstract-1_9_precondition(l-6-0-0)
338: placeblock(l-6-0-0,stone)
339: SHOP_methodbuild-row-2_7_precondition(l-6-0-2,n5,e,l-6-0-1,n4)
340: SHOP_methodplace-block-abstract-1_9_precondition(l-6-0-1)
341: placeblock(l-6-0-1,stone)
342: SHOP_methodbuild-row-2_7_precondition(l-6-0-3,n4,e,l-6-0-2,n3)
343: SHOP_methodplace-block-abstract-1_9_precondition(l-6-0-2)
344: placeblock(l-6-0-2,stone)
345: SHOP_methodbuild-row-2_7_precondition(l-6-0-4,n3,e,l-6-0-3,n2)
346: SHOP_methodplace-block-abstract-1_9_precondition(l-6-0-3)
347: placeblock(l-6-0-3,stone)
348: SHOP_methodbuild-row-2_7_precondition(l-6-0-5,n2,e,l-6-0-4,n1)
349: SHOP_methodplace-block-abstract-1_9_precondition(l-6-0-4)
350: placeblock(l-6-0-4,stone)
351: SHOP_methodbuild-row-1_6_precondition(n1)
352: SHOP_methodplace-block-abstract-1_9_precondition(l-6-0-5)
353: placeblock(l-6-0-5,stone)
354: SHOP_methodbuild-roof-2_4_precondition(n3,n,l-6-2-0,l-6-1-0,n4)
355: SHOP_methodbuild-row-2_7_precondition(l-6-1-1,n6,e,l-6-1-0,n5)
356: SHOP_methodplace-block-abstract-1_9_precondition(l-6-1-0)
357: placeblock(l-6-1-0,stone)
358: SHOP_methodbuild-row-2_7_precondition(l-6-1-2,n5,e,l-6-1-1,n4)
359: SHOP_methodplace-block-abstract-1_9_precondition(l-6-1-1)
360: placeblock(l-6-1-1,stone)
361: SHOP_methodbuild-row-2_7_precondition(l-6-1-3,n4,e,l-6-1-2,n3)
362: SHOP_methodplace-block-abstract-1_9_precondition(l-6-1-2)
363: placeblock(l-6-1-2,stone)
364: SHOP_methodbuild-row-2_7_precondition(l-6-1-4,n3,e,l-6-1-3,n2)
365: SHOP_methodplace-block-abstract-1_9_precondition(l-6-1-3)
366: placeblock(l-6-1-3,stone)
367: SHOP_methodbuild-row-2_7_precondition(l-6-1-5,n2,e,l-6-1-4,n1)
368: SHOP_methodplace-block-abstract-1_9_precondition(l-6-1-4)
369: placeblock(l-6-1-4,stone)
370: SHOP_methodbuild-row-1_6_precondition(n1)
371: SHOP_methodplace-block-abstract-1_9_precondition(l-6-1-5)
372: placeblock(l-6-1-5,stone)
373: SHOP_methodbuild-roof-2_4_precondition(n2,n,l-6-3-0,l-6-2-0,n3)
374: SHOP_methodbuild-row-3_8_precondition(e,n5,n6,l-6-2-0,l-6-2-1)
375: SHOP_methodbuild-row-3_8_precondition(e,n4,n5,l-6-2-1,l-6-2-2)
376: SHOP_methodbuild-row-2_7_precondition(l-6-2-3,n4,e,l-6-2-2,n3)
377: SHOP_methodplace-block-abstract-1_9_precondition(l-6-2-2)
378: placeblock(l-6-2-2,stone)
379: SHOP_methodbuild-row-2_7_precondition(l-6-2-4,n3,e,l-6-2-3,n2)
380: SHOP_methodplace-block-abstract-1_9_precondition(l-6-2-3)
381: placeblock(l-6-2-3,stone)
382: SHOP_methodbuild-row-2_7_precondition(l-6-2-5,n2,e,l-6-2-4,n1)
383: SHOP_methodplace-block-abstract-1_9_precondition(l-6-2-4)
384: placeblock(l-6-2-4,stone)
385: SHOP_methodbuild-row-1_6_precondition(n1)
386: SHOP_methodplace-block-abstract-1_9_precondition(l-6-2-5)
387: placeblock(l-6-2-5,stone)
388: SHOP_methodplace-block-abstract-1_9_precondition(l-6-2-1)
389: placeblock(l-6-2-1,stone)
390: SHOP_methodplace-block-abstract-1_9_precondition(l-6-2-0)
391: placeblock(l-6-2-0,stone)
392: SHOP_methodbuild-roof-2_4_precondition(n1,n,l-6-4-0,l-6-3-0,n2)
393: SHOP_methodbuild-row-2_7_precondition(l-6-3-1,n6,e,l-6-3-0,n5)
394: SHOP_methodplace-block-abstract-1_9_precondition(l-6-3-0)
395: placeblock(l-6-3-0,stone)
396: SHOP_methodbuild-row-2_7_precondition(l-6-3-2,n5,e,l-6-3-1,n4)
397: SHOP_methodplace-block-abstract-1_9_precondition(l-6-3-1)
398: placeblock(l-6-3-1,stone)
399: SHOP_methodbuild-row-2_7_precondition(l-6-3-3,n4,e,l-6-3-2,n3)
400: SHOP_methodplace-block-abstract-1_9_precondition(l-6-3-2)
401: placeblock(l-6-3-2,stone)
402: SHOP_methodbuild-row-2_7_precondition(l-6-3-4,n3,e,l-6-3-3,n2)
403: SHOP_methodplace-block-abstract-1_9_precondition(l-6-3-3)
404: placeblock(l-6-3-3,stone)
405: SHOP_methodbuild-row-2_7_precondition(l-6-3-5,n2,e,l-6-3-4,n1)
406: SHOP_methodplace-block-abstract-1_9_precondition(l-6-3-4)
407: placeblock(l-6-3-4,stone)
408: SHOP_methodbuild-row-1_6_precondition(n1)
409: SHOP_methodplace-block-abstract-1_9_precondition(l-6-3-5)
410: placeblock(l-6-3-5,stone)
411: SHOP_methodbuild-roof-1_3_precondition(n1)
412: SHOP_methodbuild-row-2_7_precondition(l-6-4-1,n6,e,l-6-4-0,n5)
413: SHOP_methodplace-block-abstract-1_9_precondition(l-6-4-0)
414: placeblock(l-6-4-0,stone)
415: SHOP_methodbuild-row-2_7_precondition(l-6-4-2,n5,e,l-6-4-1,n4)
416: SHOP_methodplace-block-abstract-1_9_precondition(l-6-4-1)
417: placeblock(l-6-4-1,stone)
418: SHOP_methodbuild-row-2_7_precondition(l-6-4-3,n4,e,l-6-4-2,n3)
419: SHOP_methodplace-block-abstract-1_9_precondition(l-6-4-2)
420: placeblock(l-6-4-2,stone)
421: SHOP_methodbuild-row-2_7_precondition(l-6-4-4,n3,e,l-6-4-3,n2)
422: SHOP_methodplace-block-abstract-1_9_precondition(l-6-4-3)
423: placeblock(l-6-4-3,stone)
424: SHOP_methodbuild-row-2_7_precondition(l-6-4-5,n2,e,l-6-4-4,n1)
425: SHOP_methodplace-block-abstract-1_9_precondition(l-6-4-4)
426: placeblock(l-6-4-4,stone)
427: SHOP_methodbuild-row-1_6_precondition(n1)
428: SHOP_methodplace-block-abstract-1_9_precondition(l-6-4-5)
429: placeblock(l-6-4-5,stone)
